This file contains any messages produced by compilers while
running configure, to aid debugging if configure makes a mistake.

It was created by libgphoto2 photo camera library configure 2.5.10, which was
generated by GNU Autoconf 2.69.  Invocation command line was

  $ ./configure 

## --------- ##
## Platform. ##
## --------- ##

hostname = ubuntu
uname -m = x86_64
uname -r = 4.2.0-35-generic
uname -s = Linux
uname -v = #40-Ubuntu SMP Tue Mar 15 22:15:45 UTC 2016

/usr/bin/uname -p = unknown
/bin/uname -X     = unknown

/bin/arch              = unknown
/usr/bin/arch -k       = unknown
/usr/convex/getsysinfo = unknown
/usr/bin/hostinfo      = unknown
/bin/machine           = unknown
/usr/bin/oslevel       = unknown
/bin/universe          = unknown

PATH: /usr/local/sbin
PATH: /usr/local/bin
PATH: /usr/sbin
PATH: /usr/bin
PATH: /sbin
PATH: /bin
PATH: /usr/games
PATH: /usr/local/games


## ----------- ##
## Core tests. ##
## ----------- ##

configure:2709: checking for a BSD-compatible install
configure:2777: result: /usr/bin/install -c
configure:2788: checking whether build environment is sane
configure:2843: result: yes
configure:2994: checking for a thread-safe mkdir -p
configure:3033: result: /bin/mkdir -p
configure:3040: checking for gawk
configure:3070: result: no
configure:3040: checking for mawk
configure:3056: found /usr/bin/mawk
configure:3067: result: mawk
configure:3078: checking whether make sets $(MAKE)
configure:3100: result: yes
configure:3129: checking whether make supports nested variables
configure:3146: result: yes
configure:3287: checking whether make supports nested variables
configure:3304: result: yes
configure:3325: checking for POSIX sh $() command substitution
configure:3329: result: yes
configure:3442: checking for gcc
configure:3458: found /usr/bin/gcc
configure:3469: result: gcc
configure:3698: checking for C compiler version
configure:3707: gcc --version >&5
gcc (Ubuntu 5.2.1-22ubuntu2) 5.2.1 20151010
Copyright (C) 2015 Free Software Foundation, Inc.
This is free software; see the source for copying conditions.  There is NO
warranty; not even for MERCHANTABILITY or FITNESS FOR A PARTICULAR PURPOSE.

configure:3718: $? = 0
configure:3707: gcc -v >&5
Using built-in specs.
COLLECT_GCC=gcc
COLLECT_LTO_WRAPPER=/usr/lib/gcc/x86_64-linux-gnu/5/lto-wrapper
Target: x86_64-linux-gnu
Configured with: ../src/configure -v --with-pkgversion='Ubuntu 5.2.1-22ubuntu2' --with-bugurl=file:///usr/share/doc/gcc-5/README.Bugs --enable-languages=c,ada,c++,java,go,d,fortran,objc,obj-c++ --prefix=/usr --program-suffix=-5 --enable-shared --enable-linker-build-id --libexecdir=/usr/lib --without-included-gettext --enable-threads=posix --libdir=/usr/lib --enable-nls --with-sysroot=/ --enable-clocale=gnu --enable-libstdcxx-debug --enable-libstdcxx-time=yes --with-default-libstdcxx-abi=new --enable-gnu-unique-object --disable-vtable-verify --enable-libmpx --enable-plugin --with-system-zlib --disable-browser-plugin --enable-java-awt=gtk --enable-gtk-cairo --with-java-home=/usr/lib/jvm/java-1.5.0-gcj-5-amd64/jre --enable-java-home --with-jvm-root-dir=/usr/lib/jvm/java-1.5.0-gcj-5-amd64 --with-jvm-jar-dir=/usr/lib/jvm-exports/java-1.5.0-gcj-5-amd64 --with-arch-directory=amd64 --with-ecj-jar=/usr/share/java/eclipse-ecj.jar --enable-objc-gc --enable-multiarch --disable-werror --with-arch-32=i686 --with-abi=m64 --with-multilib-list=m32,m64,mx32 --enable-multilib --with-tune=generic --enable-checking=release --build=x86_64-linux-gnu --host=x86_64-linux-gnu --target=x86_64-linux-gnu
Thread model: posix
gcc version 5.2.1 20151010 (Ubuntu 5.2.1-22ubuntu2) 
configure:3718: $? = 0
configure:3707: gcc -V >&5
gcc: error: unrecognized command line option '-V'
gcc: fatal error: no input files
compilation terminated.
configure:3718: $? = 1
configure:3707: gcc -qversion >&5
gcc: error: unrecognized command line option '-qversion'
gcc: fatal error: no input files
compilation terminated.
configure:3718: $? = 1
configure:3738: checking whether the C compiler works
configure:3760: gcc    conftest.c  >&5
configure:3764: $? = 0
configure:3812: result: yes
configure:3815: checking for C compiler default output file name
configure:3817: result: a.out
configure:3823: checking for suffix of executables
configure:3830: gcc -o conftest    conftest.c  >&5
configure:3834: $? = 0
configure:3856: result: 
configure:3878: checking whether we are cross compiling
configure:3886: gcc -o conftest    conftest.c  >&5
configure:3890: $? = 0
configure:3897: ./conftest
configure:3901: $? = 0
configure:3916: result: no
configure:3921: checking for suffix of object files
configure:3943: gcc -c   conftest.c >&5
configure:3947: $? = 0
configure:3968: result: o
configure:3972: checking whether we are using the GNU C compiler
configure:3991: gcc -c   conftest.c >&5
configure:3991: $? = 0
configure:4000: result: yes
configure:4009: checking whether gcc accepts -g
configure:4029: gcc -c -g  conftest.c >&5
configure:4029: $? = 0
configure:4070: result: yes
configure:4087: checking for gcc option to accept ISO C89
configure:4150: gcc  -c -g -O2  conftest.c >&5
configure:4150: $? = 0
configure:4163: result: none needed
configure:4188: checking whether gcc understands -c and -o together
configure:4210: gcc -c conftest.c -o conftest2.o
configure:4213: $? = 0
configure:4210: gcc -c conftest.c -o conftest2.o
configure:4213: $? = 0
configure:4225: result: yes
configure:4253: checking for style of include used by make
configure:4281: result: GNU
configure:4307: checking dependency style of gcc
configure:4418: result: gcc3
configure:4438: checking how to run the C preprocessor
configure:4469: gcc -E  conftest.c
configure:4469: $? = 0
configure:4483: gcc -E  conftest.c
conftest.c:11:28: fatal error: ac_nonexistent.h: No such file or directory
compilation terminated.
configure:4483: $? = 1
configure: failed program was:
| /* confdefs.h */
| #define PACKAGE_NAME "libgphoto2 photo camera library"
| #define PACKAGE_TARNAME "libgphoto2"
| #define PACKAGE_VERSION "2.5.10"
| #define PACKAGE_STRING "libgphoto2 photo camera library 2.5.10"
| #define PACKAGE_BUGREPORT "gphoto-devel@lists.sourceforge.net"
| #define PACKAGE_URL ""
| #define PACKAGE "libgphoto2"
| #define VERSION "2.5.10"
| /* end confdefs.h.  */
| #include <ac_nonexistent.h>
configure:4508: result: gcc -E
configure:4528: gcc -E  conftest.c
configure:4528: $? = 0
configure:4542: gcc -E  conftest.c
conftest.c:11:28: fatal error: ac_nonexistent.h: No such file or directory
compilation terminated.
configure:4542: $? = 1
configure: failed program was:
| /* confdefs.h */
| #define PACKAGE_NAME "libgphoto2 photo camera library"
| #define PACKAGE_TARNAME "libgphoto2"
| #define PACKAGE_VERSION "2.5.10"
| #define PACKAGE_STRING "libgphoto2 photo camera library 2.5.10"
| #define PACKAGE_BUGREPORT "gphoto-devel@lists.sourceforge.net"
| #define PACKAGE_URL ""
| #define PACKAGE "libgphoto2"
| #define VERSION "2.5.10"
| /* end confdefs.h.  */
| #include <ac_nonexistent.h>
configure:4628: checking for g++
configure:4644: found /usr/bin/g++
configure:4655: result: g++
configure:4682: checking for C++ compiler version
configure:4691: g++ --version >&5
g++ (Ubuntu 5.2.1-22ubuntu2) 5.2.1 20151010
Copyright (C) 2015 Free Software Foundation, Inc.
This is free software; see the source for copying conditions.  There is NO
warranty; not even for MERCHANTABILITY or FITNESS FOR A PARTICULAR PURPOSE.

configure:4702: $? = 0
configure:4691: g++ -v >&5
Using built-in specs.
COLLECT_GCC=g++
COLLECT_LTO_WRAPPER=/usr/lib/gcc/x86_64-linux-gnu/5/lto-wrapper
Target: x86_64-linux-gnu
Configured with: ../src/configure -v --with-pkgversion='Ubuntu 5.2.1-22ubuntu2' --with-bugurl=file:///usr/share/doc/gcc-5/README.Bugs --enable-languages=c,ada,c++,java,go,d,fortran,objc,obj-c++ --prefix=/usr --program-suffix=-5 --enable-shared --enable-linker-build-id --libexecdir=/usr/lib --without-included-gettext --enable-threads=posix --libdir=/usr/lib --enable-nls --with-sysroot=/ --enable-clocale=gnu --enable-libstdcxx-debug --enable-libstdcxx-time=yes --with-default-libstdcxx-abi=new --enable-gnu-unique-object --disable-vtable-verify --enable-libmpx --enable-plugin --with-system-zlib --disable-browser-plugin --enable-java-awt=gtk --enable-gtk-cairo --with-java-home=/usr/lib/jvm/java-1.5.0-gcj-5-amd64/jre --enable-java-home --with-jvm-root-dir=/usr/lib/jvm/java-1.5.0-gcj-5-amd64 --with-jvm-jar-dir=/usr/lib/jvm-exports/java-1.5.0-gcj-5-amd64 --with-arch-directory=amd64 --with-ecj-jar=/usr/share/java/eclipse-ecj.jar --enable-objc-gc --enable-multiarch --disable-werror --with-arch-32=i686 --with-abi=m64 --with-multilib-list=m32,m64,mx32 --enable-multilib --with-tune=generic --enable-checking=release --build=x86_64-linux-gnu --host=x86_64-linux-gnu --target=x86_64-linux-gnu
Thread model: posix
gcc version 5.2.1 20151010 (Ubuntu 5.2.1-22ubuntu2) 
configure:4702: $? = 0
configure:4691: g++ -V >&5
g++: error: unrecognized command line option '-V'
g++: fatal error: no input files
compilation terminated.
configure:4702: $? = 1
configure:4691: g++ -qversion >&5
g++: error: unrecognized command line option '-qversion'
g++: fatal error: no input files
compilation terminated.
configure:4702: $? = 1
configure:4706: checking whether we are using the GNU C++ compiler
configure:4725: g++ -c   conftest.cpp >&5
configure:4725: $? = 0
configure:4734: result: yes
configure:4743: checking whether g++ accepts -g
configure:4763: g++ -c -g  conftest.cpp >&5
configure:4763: $? = 0
configure:4804: result: yes
configure:4829: checking dependency style of g++
configure:4940: result: gcc3
configure:5007: checking for ar
configure:5023: found /usr/bin/ar
configure:5034: result: ar
configure:5060: checking the archiver (ar) interface
configure:5076: gcc -c -g -O2  conftest.c >&5
configure:5076: $? = 0
configure:5078: ar cru libconftest.a conftest.o >&5
ar: `u' modifier ignored since `D' is the default (see `U')
configure:5081: $? = 0
configure:5109: result: ar
configure:5162: checking for grep that handles long lines and -e
configure:5220: result: /bin/grep
configure:5225: checking for egrep
configure:5287: result: /bin/grep -E
configure:5292: checking for ANSI C header files
configure:5312: gcc -c -g -O2 -Wall -Wmissing-declarations -Wmissing-prototypes  conftest.c >&5
configure:5312: $? = 0
configure:5385: gcc -o conftest -g -O2 -Wall -Wmissing-declarations -Wmissing-prototypes   conftest.c  >&5
configure:5385: $? = 0
configure:5385: ./conftest
configure:5385: $? = 0
configure:5396: result: yes
configure:5409: checking for sys/types.h
configure:5409: gcc -c -g -O2 -Wall -Wmissing-declarations -Wmissing-prototypes  conftest.c >&5
configure:5409: $? = 0
configure:5409: result: yes
configure:5409: checking for sys/stat.h
configure:5409: gcc -c -g -O2 -Wall -Wmissing-declarations -Wmissing-prototypes  conftest.c >&5
configure:5409: $? = 0
configure:5409: result: yes
configure:5409: checking for stdlib.h
configure:5409: gcc -c -g -O2 -Wall -Wmissing-declarations -Wmissing-prototypes  conftest.c >&5
configure:5409: $? = 0
configure:5409: result: yes
configure:5409: checking for string.h
configure:5409: gcc -c -g -O2 -Wall -Wmissing-declarations -Wmissing-prototypes  conftest.c >&5
configure:5409: $? = 0
configure:5409: result: yes
configure:5409: checking for memory.h
configure:5409: gcc -c -g -O2 -Wall -Wmissing-declarations -Wmissing-prototypes  conftest.c >&5
configure:5409: $? = 0
configure:5409: result: yes
configure:5409: checking for strings.h
configure:5409: gcc -c -g -O2 -Wall -Wmissing-declarations -Wmissing-prototypes  conftest.c >&5
configure:5409: $? = 0
configure:5409: result: yes
configure:5409: checking for inttypes.h
configure:5409: gcc -c -g -O2 -Wall -Wmissing-declarations -Wmissing-prototypes  conftest.c >&5
configure:5409: $? = 0
configure:5409: result: yes
configure:5409: checking for stdint.h
configure:5409: gcc -c -g -O2 -Wall -Wmissing-declarations -Wmissing-prototypes  conftest.c >&5
configure:5409: $? = 0
configure:5409: result: yes
configure:5409: checking for unistd.h
configure:5409: gcc -c -g -O2 -Wall -Wmissing-declarations -Wmissing-prototypes  conftest.c >&5
configure:5409: $? = 0
configure:5409: result: yes
configure:5421: checking stdarg.h usability
configure:5421: gcc -c -g -O2 -Wall -Wmissing-declarations -Wmissing-prototypes  conftest.c >&5
configure:5421: $? = 0
configure:5421: result: yes
configure:5421: checking stdarg.h presence
configure:5421: gcc -E  conftest.c
configure:5421: $? = 0
configure:5421: result: yes
configure:5421: checking for stdarg.h
configure:5421: result: yes
configure:5450: gcc -o conftest -g -O2 -Wall -Wmissing-declarations -Wmissing-prototypes   conftest.c  >&5
configure:5450: $? = 0
configure:5486: checking for va_copy() or replacement
configure:5488: result: va_copy
configure:5521: checking for flex
configure:5554: result: no
configure:5562: checking for bison
configure:5595: result: no
configure:5602: checking whether to enable GP2DDB
configure:5619: result: 
configure:5659: checking PKG_CONFIG_PATH
configure:5662: result: empty
configure:5671: checking for pkg-config
configure:5689: found /usr/bin/pkg-config
configure:5702: result: /usr/bin/pkg-config
configure:5758: checking build system type
configure:5772: result: x86_64-unknown-linux-gnu
configure:5792: checking host system type
configure:5805: result: x86_64-unknown-linux-gnu
configure:6178: checking how to print strings
configure:6205: result: printf
configure:6226: checking for a sed that does not truncate output
configure:6290: result: sed
configure:6308: checking for fgrep
configure:6370: result: /bin/grep -F
configure:6405: checking for ld used by gcc
configure:6472: result: /usr/bin/ld
configure:6479: checking if the linker (/usr/bin/ld) is GNU ld
configure:6494: result: yes
configure:6506: checking for BSD- or MS-compatible name lister (nm)
configure:6560: result: /usr/bin/nm -B
configure:6690: checking the name lister (/usr/bin/nm -B) interface
configure:6697: gcc -c -g -O2 -Wall -Wmissing-declarations -Wmissing-prototypes  conftest.c >&5
configure:6700: /usr/bin/nm -B "conftest.o"
configure:6703: output
0000000000000000 B some_variable
configure:6710: result: BSD nm
configure:6713: checking whether ln -s works
configure:6717: result: yes
configure:6725: checking the maximum length of command line arguments
configure:6856: result: 1572864
configure:6904: checking how to convert x86_64-unknown-linux-gnu file names to x86_64-unknown-linux-gnu format
configure:6944: result: func_convert_file_noop
configure:6951: checking how to convert x86_64-unknown-linux-gnu file names to toolchain format
configure:6971: result: func_convert_file_noop
configure:6978: checking for /usr/bin/ld option to reload object files
configure:6985: result: -r
configure:7059: checking for objdump
configure:7086: result: objdump
configure:7115: checking how to recognize dependent libraries
configure:7315: result: pass_all
configure:7400: checking for dlltool
configure:7427: result: dlltool
configure:7457: checking how to associate runtime and link libraries
configure:7484: result: printf %s\n
configure:7608: checking for archiver @FILE support
configure:7625: gcc -c -g -O2 -Wall -Wmissing-declarations -Wmissing-prototypes  conftest.c >&5
configure:7625: $? = 0
configure:7628: ar cru libconftest.a @conftest.lst >&5
ar: `u' modifier ignored since `D' is the default (see `U')
configure:7631: $? = 0
configure:7636: ar cru libconftest.a @conftest.lst >&5
ar: `u' modifier ignored since `D' is the default (see `U')
ar: conftest.o: No such file or directory
configure:7639: $? = 1
configure:7651: result: @
configure:7709: checking for strip
configure:7725: found /usr/bin/strip
configure:7736: result: strip
configure:7808: checking for ranlib
configure:7824: found /usr/bin/ranlib
configure:7835: result: ranlib
configure:7937: checking command to parse /usr/bin/nm -B output from gcc object
configure:8090: gcc -c -g -O2 -Wall -Wmissing-declarations -Wmissing-prototypes  conftest.c >&5
configure:8093: $? = 0
configure:8097: /usr/bin/nm -B conftest.o \| sed -n -e 's/^.*[ ]\([ABCDGIRSTW][ABCDGIRSTW]*\)[ ][ ]*\([_A-Za-z][_A-Za-z0-9]*\)$/\1 \2 \2/p' | sed '/ __gnu_lto/d' \> conftest.nm
configure:8100: $? = 0
configure:8166: gcc -o conftest -g -O2 -Wall -Wmissing-declarations -Wmissing-prototypes   conftest.c conftstm.o >&5
configure:8169: $? = 0
configure:8207: result: ok
configure:8254: checking for sysroot
configure:8284: result: no
configure:8291: checking for a working dd
configure:8329: result: /bin/dd
configure:8333: checking how to truncate binary pipes
configure:8348: result: /bin/dd bs=4096 count=1
configure:8484: gcc -c -g -O2 -Wall -Wmissing-declarations -Wmissing-prototypes  conftest.c >&5
configure:8487: $? = 0
configure:8677: checking for mt
configure:8693: found /bin/mt
configure:8704: result: mt
configure:8727: checking if mt is a manifest tool
configure:8733: mt '-?'
configure:8741: result: no
configure:9415: checking for dlfcn.h
configure:9415: gcc -c -g -O2 -Wall -Wmissing-declarations -Wmissing-prototypes  conftest.c >&5
configure:9415: $? = 0
configure:9415: result: yes
configure:9648: checking for objdir
configure:9663: result: .libs
configure:9927: checking if gcc supports -fno-rtti -fno-exceptions
configure:9945: gcc -c -g -O2 -Wall -Wmissing-declarations -Wmissing-prototypes  -fno-rtti -fno-exceptions conftest.c >&5
cc1: warning: command line option '-fno-rtti' is valid for C++/ObjC++ but not for C
configure:9949: $? = 0
configure:9962: result: no
configure:10320: checking for gcc option to produce PIC
configure:10327: result: -fPIC -DPIC
configure:10335: checking if gcc PIC flag -fPIC -DPIC works
configure:10353: gcc -c -g -O2 -Wall -Wmissing-declarations -Wmissing-prototypes  -fPIC -DPIC -DPIC conftest.c >&5
configure:10357: $? = 0
configure:10370: result: yes
configure:10399: checking if gcc static flag -static works
configure:10427: result: yes
configure:10442: checking if gcc supports -c -o file.o
configure:10463: gcc -c -g -O2 -Wall -Wmissing-declarations -Wmissing-prototypes  -o out/conftest2.o conftest.c >&5
configure:10467: $? = 0
configure:10489: result: yes
configure:10497: checking if gcc supports -c -o file.o
configure:10544: result: yes
configure:10577: checking whether the gcc linker (/usr/bin/ld -m elf_x86_64) supports shared libraries
configure:11836: result: yes
configure:11873: checking whether -lc should be explicitly linked in
configure:11881: gcc -c -g -O2 -Wall -Wmissing-declarations -Wmissing-prototypes  conftest.c >&5
configure:11884: $? = 0
configure:11899: gcc -shared  -fPIC -DPIC conftest.o  -v -Wl,-soname -Wl,conftest -o conftest 2\>\&1 \| /bin/grep  -lc  \>/dev/null 2\>\&1
configure:11902: $? = 0
configure:11916: result: no
configure:12076: checking dynamic linker characteristics
configure:12657: gcc -o conftest -g -O2 -Wall -Wmissing-declarations -Wmissing-prototypes   -Wl,-rpath -Wl,/foo conftest.c  >&5
configure:12657: $? = 0
configure:12894: result: GNU/Linux ld.so
configure:13016: checking how to hardcode library paths into programs
configure:13041: result: immediate
configure:13143: checking for shl_load
configure:13143: gcc -o conftest -g -O2 -Wall -Wmissing-declarations -Wmissing-prototypes   conftest.c  >&5
/tmp/ccYsrZqn.o: In function `main':
/home/mcobias/Desktop/libgphoto2-2.5.10/conftest.c:58: undefined reference to `shl_load'
collect2: error: ld returned 1 exit status
configure:13143: $? = 1
configure: failed program was:
| /* confdefs.h */
| #define PACKAGE_NAME "libgphoto2 photo camera library"
| #define PACKAGE_TARNAME "libgphoto2"
| #define PACKAGE_VERSION "2.5.10"
| #define PACKAGE_STRING "libgphoto2 photo camera library 2.5.10"
| #define PACKAGE_BUGREPORT "gphoto-devel@lists.sourceforge.net"
| #define PACKAGE_URL ""
| #define PACKAGE "libgphoto2"
| #define VERSION "2.5.10"
| #define STDC_HEADERS 1
| #define HAVE_SYS_TYPES_H 1
| #define HAVE_SYS_STAT_H 1
| #define HAVE_STDLIB_H 1
| #define HAVE_STRING_H 1
| #define HAVE_MEMORY_H 1
| #define HAVE_STRINGS_H 1
| #define HAVE_INTTYPES_H 1
| #define HAVE_STDINT_H 1
| #define HAVE_UNISTD_H 1
| #define HAVE_VA_COPY 1
| #define HAVE_DLFCN_H 1
| #define LT_OBJDIR ".libs/"
| /* end confdefs.h.  */
| /* Define shl_load to an innocuous variant, in case <limits.h> declares shl_load.
|    For example, HP-UX 11i <limits.h> declares gettimeofday.  */
| #define shl_load innocuous_shl_load
| 
| /* System header to define __stub macros and hopefully few prototypes,
|     which can conflict with char shl_load (); below.
|     Prefer <limits.h> to <assert.h> if __STDC__ is defined, since
|     <limits.h> exists even on freestanding compilers.  */
| 
| #ifdef __STDC__
| # include <limits.h>
| #else
| # include <assert.h>
| #endif
| 
| #undef shl_load
| 
| /* Override any GCC internal prototype to avoid an error.
|    Use char because int might match the return type of a GCC
|    builtin and then its argument prototype would still apply.  */
| #ifdef __cplusplus
| extern "C"
| #endif
| char shl_load ();
| /* The GNU C library defines this for functions which it implements
|     to always fail with ENOSYS.  Some functions are actually named
|     something starting with __ and the normal name is an alias.  */
| #if defined __stub_shl_load || defined __stub___shl_load
| choke me
| #endif
| 
| int
| main ()
| {
| return shl_load ();
|   ;
|   return 0;
| }
configure:13143: result: no
configure:13147: checking for shl_load in -ldld
configure:13172: gcc -o conftest -g -O2 -Wall -Wmissing-declarations -Wmissing-prototypes   conftest.c -ldld   >&5
/usr/bin/ld: cannot find -ldld
collect2: error: ld returned 1 exit status
configure:13172: $? = 1
configure: failed program was:
| /* confdefs.h */
| #define PACKAGE_NAME "libgphoto2 photo camera library"
| #define PACKAGE_TARNAME "libgphoto2"
| #define PACKAGE_VERSION "2.5.10"
| #define PACKAGE_STRING "libgphoto2 photo camera library 2.5.10"
| #define PACKAGE_BUGREPORT "gphoto-devel@lists.sourceforge.net"
| #define PACKAGE_URL ""
| #define PACKAGE "libgphoto2"
| #define VERSION "2.5.10"
| #define STDC_HEADERS 1
| #define HAVE_SYS_TYPES_H 1
| #define HAVE_SYS_STAT_H 1
| #define HAVE_STDLIB_H 1
| #define HAVE_STRING_H 1
| #define HAVE_MEMORY_H 1
| #define HAVE_STRINGS_H 1
| #define HAVE_INTTYPES_H 1
| #define HAVE_STDINT_H 1
| #define HAVE_UNISTD_H 1
| #define HAVE_VA_COPY 1
| #define HAVE_DLFCN_H 1
| #define LT_OBJDIR ".libs/"
| /* end confdefs.h.  */
| 
| /* Override any GCC internal prototype to avoid an error.
|    Use char because int might match the return type of a GCC
|    builtin and then its argument prototype would still apply.  */
| #ifdef __cplusplus
| extern "C"
| #endif
| char shl_load ();
| int
| main ()
| {
| return shl_load ();
|   ;
|   return 0;
| }
configure:13181: result: no
configure:13186: checking for dlopen
configure:13186: gcc -o conftest -g -O2 -Wall -Wmissing-declarations -Wmissing-prototypes   conftest.c  >&5
/tmp/ccE2HXts.o: In function `main':
/home/mcobias/Desktop/libgphoto2-2.5.10/conftest.c:58: undefined reference to `dlopen'
collect2: error: ld returned 1 exit status
configure:13186: $? = 1
configure: failed program was:
| /* confdefs.h */
| #define PACKAGE_NAME "libgphoto2 photo camera library"
| #define PACKAGE_TARNAME "libgphoto2"
| #define PACKAGE_VERSION "2.5.10"
| #define PACKAGE_STRING "libgphoto2 photo camera library 2.5.10"
| #define PACKAGE_BUGREPORT "gphoto-devel@lists.sourceforge.net"
| #define PACKAGE_URL ""
| #define PACKAGE "libgphoto2"
| #define VERSION "2.5.10"
| #define STDC_HEADERS 1
| #define HAVE_SYS_TYPES_H 1
| #define HAVE_SYS_STAT_H 1
| #define HAVE_STDLIB_H 1
| #define HAVE_STRING_H 1
| #define HAVE_MEMORY_H 1
| #define HAVE_STRINGS_H 1
| #define HAVE_INTTYPES_H 1
| #define HAVE_STDINT_H 1
| #define HAVE_UNISTD_H 1
| #define HAVE_VA_COPY 1
| #define HAVE_DLFCN_H 1
| #define LT_OBJDIR ".libs/"
| /* end confdefs.h.  */
| /* Define dlopen to an innocuous variant, in case <limits.h> declares dlopen.
|    For example, HP-UX 11i <limits.h> declares gettimeofday.  */
| #define dlopen innocuous_dlopen
| 
| /* System header to define __stub macros and hopefully few prototypes,
|     which can conflict with char dlopen (); below.
|     Prefer <limits.h> to <assert.h> if __STDC__ is defined, since
|     <limits.h> exists even on freestanding compilers.  */
| 
| #ifdef __STDC__
| # include <limits.h>
| #else
| # include <assert.h>
| #endif
| 
| #undef dlopen
| 
| /* Override any GCC internal prototype to avoid an error.
|    Use char because int might match the return type of a GCC
|    builtin and then its argument prototype would still apply.  */
| #ifdef __cplusplus
| extern "C"
| #endif
| char dlopen ();
| /* The GNU C library defines this for functions which it implements
|     to always fail with ENOSYS.  Some functions are actually named
|     something starting with __ and the normal name is an alias.  */
| #if defined __stub_dlopen || defined __stub___dlopen
| choke me
| #endif
| 
| int
| main ()
| {
| return dlopen ();
|   ;
|   return 0;
| }
configure:13186: result: no
configure:13190: checking for dlopen in -ldl
configure:13215: gcc -o conftest -g -O2 -Wall -Wmissing-declarations -Wmissing-prototypes   conftest.c -ldl   >&5
configure:13215: $? = 0
configure:13224: result: yes
configure:13343: checking whether a program can dlopen itself
configure:13423: gcc -o conftest -g -O2 -Wall -Wmissing-declarations -Wmissing-prototypes  -DHAVE_DLFCN_H  -Wl,--export-dynamic conftest.c -ldl  >&5
configure:13399:5: warning: no previous prototype for 'fnord' [-Wmissing-prototypes]
 #endif
     ^
configure:13426: $? = 0
configure:13444: result: yes
configure:13449: checking whether a statically linked program can dlopen itself
configure:13529: gcc -o conftest -g -O2 -Wall -Wmissing-declarations -Wmissing-prototypes  -DHAVE_DLFCN_H  -Wl,--export-dynamic -static conftest.c -ldl  >&5
configure:13505:5: warning: no previous prototype for 'fnord' [-Wmissing-prototypes]
 #endif
     ^
/tmp/ccS3CXHA.o: In function `main':
/home/mcobias/Desktop/libgphoto2-2.5.10/configure:13508: warning: Using 'dlopen' in statically linked applications requires at runtime the shared libraries from the glibc version used for linking
/usr/bin/ld: dynamic STT_GNU_IFUNC symbol `strcmp' with pointer equality in `/usr/lib/gcc/x86_64-linux-gnu/5/../../../x86_64-linux-gnu/libc.a(strcmp.o)' can not be used when making an executable; recompile with -fPIE and relink with -pie
collect2: error: ld returned 1 exit status
configure:13532: $? = 1
configure:13550: result: no
configure:13589: checking whether stripping libraries is possible
configure:13594: result: yes
configure:13629: checking if libtool supports shared libraries
configure:13631: result: yes
configure:13634: checking whether to build shared libraries
configure:13659: result: yes
configure:13662: checking whether to build static libraries
configure:13666: result: no
configure:13689: checking how to run the C++ preprocessor
configure:13716: g++ -E  conftest.cpp
configure:13716: $? = 0
configure:13730: g++ -E  conftest.cpp
conftest.cpp:24:28: fatal error: ac_nonexistent.h: No such file or directory
compilation terminated.
configure:13730: $? = 1
configure: failed program was:
| /* confdefs.h */
| #define PACKAGE_NAME "libgphoto2 photo camera library"
| #define PACKAGE_TARNAME "libgphoto2"
| #define PACKAGE_VERSION "2.5.10"
| #define PACKAGE_STRING "libgphoto2 photo camera library 2.5.10"
| #define PACKAGE_BUGREPORT "gphoto-devel@lists.sourceforge.net"
| #define PACKAGE_URL ""
| #define PACKAGE "libgphoto2"
| #define VERSION "2.5.10"
| #define STDC_HEADERS 1
| #define HAVE_SYS_TYPES_H 1
| #define HAVE_SYS_STAT_H 1
| #define HAVE_STDLIB_H 1
| #define HAVE_STRING_H 1
| #define HAVE_MEMORY_H 1
| #define HAVE_STRINGS_H 1
| #define HAVE_INTTYPES_H 1
| #define HAVE_STDINT_H 1
| #define HAVE_UNISTD_H 1
| #define HAVE_VA_COPY 1
| #define HAVE_DLFCN_H 1
| #define LT_OBJDIR ".libs/"
| /* end confdefs.h.  */
| #include <ac_nonexistent.h>
configure:13755: result: g++ -E
configure:13775: g++ -E  conftest.cpp
configure:13775: $? = 0
configure:13789: g++ -E  conftest.cpp
conftest.cpp:24:28: fatal error: ac_nonexistent.h: No such file or directory
compilation terminated.
configure:13789: $? = 1
configure: failed program was:
| /* confdefs.h */
| #define PACKAGE_NAME "libgphoto2 photo camera library"
| #define PACKAGE_TARNAME "libgphoto2"
| #define PACKAGE_VERSION "2.5.10"
| #define PACKAGE_STRING "libgphoto2 photo camera library 2.5.10"
| #define PACKAGE_BUGREPORT "gphoto-devel@lists.sourceforge.net"
| #define PACKAGE_URL ""
| #define PACKAGE "libgphoto2"
| #define VERSION "2.5.10"
| #define STDC_HEADERS 1
| #define HAVE_SYS_TYPES_H 1
| #define HAVE_SYS_STAT_H 1
| #define HAVE_STDLIB_H 1
| #define HAVE_STRING_H 1
| #define HAVE_MEMORY_H 1
| #define HAVE_STRINGS_H 1
| #define HAVE_INTTYPES_H 1
| #define HAVE_STDINT_H 1
| #define HAVE_UNISTD_H 1
| #define HAVE_VA_COPY 1
| #define HAVE_DLFCN_H 1
| #define LT_OBJDIR ".libs/"
| /* end confdefs.h.  */
| #include <ac_nonexistent.h>
configure:13951: checking for ld used by g++
configure:14018: result: /usr/bin/ld -m elf_x86_64
configure:14025: checking if the linker (/usr/bin/ld -m elf_x86_64) is GNU ld
configure:14040: result: yes
configure:14095: checking whether the g++ linker (/usr/bin/ld -m elf_x86_64) supports shared libraries
configure:15168: result: yes
configure:15204: g++ -c -g -O2  conftest.cpp >&5
configure:15207: $? = 0
configure:15688: checking for g++ option to produce PIC
configure:15695: result: -fPIC -DPIC
configure:15703: checking if g++ PIC flag -fPIC -DPIC works
configure:15721: g++ -c -g -O2  -fPIC -DPIC -DPIC conftest.cpp >&5
configure:15725: $? = 0
configure:15738: result: yes
configure:15761: checking if g++ static flag -static works
configure:15789: result: yes
configure:15801: checking if g++ supports -c -o file.o
configure:15822: g++ -c -g -O2  -o out/conftest2.o conftest.cpp >&5
configure:15826: $? = 0
configure:15848: result: yes
configure:15853: checking if g++ supports -c -o file.o
configure:15900: result: yes
configure:15930: checking whether the g++ linker (/usr/bin/ld -m elf_x86_64) supports shared libraries
configure:15970: result: yes
configure:16111: checking dynamic linker characteristics
configure:16856: result: GNU/Linux ld.so
configure:16921: checking how to hardcode library paths into programs
configure:16946: result: immediate
configure:17011: checking ltdl.h usability
configure:17011: gcc -c -g -O2 -Wall -Wmissing-declarations -Wmissing-prototypes  conftest.c >&5
configure:17011: $? = 0
configure:17011: result: yes
configure:17011: checking ltdl.h presence
configure:17011: gcc -E  conftest.c
configure:17011: $? = 0
configure:17011: result: yes
configure:17011: checking for ltdl.h
configure:17011: result: yes
configure:17013: checking for lt_dlinit in -lltdl
configure:17038: gcc -o conftest -g -O2 -Wall -Wmissing-declarations -Wmissing-prototypes   conftest.c -lltdl   >&5
configure:17038: $? = 0
configure:17047: result: yes
configure:17082: checking that we can compile and link with libltdl
configure:17102: gcc -o conftest -g -O2 -Wall -Wmissing-declarations -Wmissing-prototypes    conftest.c  -lltdl >&5
conftest.c: In function 'main':
conftest.c:31:5: warning: unused variable 'ret' [-Wunused-variable]
 int ret = lt_dlforeachfile("/usr/lib:/usr/local/lib", NULL, NULL);
     ^
configure:17102: $? = 0
configure:17103: result: yes
configure:17283: checking for po/Makevars requiring hack
configure:17290: result: no
configure:17309: checking whether NLS is requested
configure:17318: result: yes
configure:17356: checking for msgfmt
configure:17387: result: /usr/bin/msgfmt
configure:17396: checking for gmsgfmt
configure:17427: result: /usr/bin/msgfmt
configure:17467: checking for xgettext
configure:17498: result: /usr/bin/xgettext
configure:17538: checking for msgmerge
configure:17568: result: /usr/bin/msgmerge
configure:17643: checking for ld used by GCC
configure:17707: result: /usr/bin/ld -m elf_x86_64
configure:17714: checking if the linker (/usr/bin/ld -m elf_x86_64) is GNU ld
configure:17727: result: yes
configure:17733: checking for shared library run path origin
configure:17746: result: done
configure:18162: checking whether NLS is requested
configure:18171: result: yes
configure:18189: checking for GNU gettext in libc
configure:18208: gcc -o conftest -g -O2 -Wall -Wmissing-declarations -Wmissing-prototypes   conftest.c  >&5
conftest.c: In function 'main':
conftest.c:42:8: warning: cast from pointer to integer of different size [-Wpointer-to-int-cast]
 return (int) gettext ("") + _nl_msg_cat_cntr + *_nl_domain_bindings
        ^
configure:18208: $? = 0
configure:18216: result: yes
configure:18796: checking whether to use NLS
configure:18798: result: yes
configure:18801: checking where the gettext function comes from
configure:18812: result: libc
configure:18903: checking for msgfmt
configure:18934: result: /usr/bin/msgfmt
configure:18943: checking for gmsgfmt
configure:18974: result: /usr/bin/msgfmt
configure:19014: checking for xgettext
configure:19045: result: /usr/bin/xgettext
configure:19085: checking for msgmerge
configure:19115: result: /usr/bin/msgmerge
configure:19180: checking for iconv
configure:19202: gcc -o conftest -g -O2 -Wall -Wmissing-declarations -Wmissing-prototypes   conftest.c  >&5
configure:19202: $? = 0
configure:19234: result: yes
configure:19255: checking for iconv declaration
configure:19284: gcc -c -g -O2 -Wall -Wmissing-declarations -Wmissing-prototypes  conftest.c >&5
configure:19284: $? = 0
configure:19295: result: 
         extern size_t iconv (iconv_t cd, char * *inbuf, size_t *inbytesleft, char * *outbuf, size_t *outbytesleft);
configure:19351: checking for special C compiler options needed for large files
configure:19396: result: no
configure:19402: checking for _FILE_OFFSET_BITS value needed for large files
configure:19427: gcc -c -g -O2 -Wall -Wmissing-declarations -Wmissing-prototypes  conftest.c >&5
configure:19427: $? = 0
configure:19459: result: no
configure:19545: checking for asm .symver support
configure:19564: gcc -c -g -O2 -Wall -Wmissing-declarations -Wmissing-prototypes  conftest.c >&5
conftest.c: In function 'f1':
conftest.c:45:3: warning: no return statement in function returning non-void [-Wreturn-type]
   int f1() { }
   ^
conftest.c: In function 'f2':
conftest.c:46:3: warning: no return statement in function returning non-void [-Wreturn-type]
   int f2() { }
   ^
conftest.c: In function 'main':
conftest.c:49:7: warning: 'main' is normally a non-static function [-Wmain]
   int main(int argc, char **argv) { }
       ^
configure:19564: $? = 0
configure:19570: result: yes
configure:19583: checking for main in -libs
configure:19602: gcc -o conftest -g -O2 -Wall -Wmissing-declarations -Wmissing-prototypes   conftest.c -libs   >&5
/usr/bin/ld: cannot find -libs
collect2: error: ld returned 1 exit status
configure:19602: $? = 1
configure: failed program was:
| /* confdefs.h */
| #define PACKAGE_NAME "libgphoto2 photo camera library"
| #define PACKAGE_TARNAME "libgphoto2"
| #define PACKAGE_VERSION "2.5.10"
| #define PACKAGE_STRING "libgphoto2 photo camera library 2.5.10"
| #define PACKAGE_BUGREPORT "gphoto-devel@lists.sourceforge.net"
| #define PACKAGE_URL ""
| #define PACKAGE "libgphoto2"
| #define VERSION "2.5.10"
| #define STDC_HEADERS 1
| #define HAVE_SYS_TYPES_H 1
| #define HAVE_SYS_STAT_H 1
| #define HAVE_STDLIB_H 1
| #define HAVE_STRING_H 1
| #define HAVE_MEMORY_H 1
| #define HAVE_STRINGS_H 1
| #define HAVE_INTTYPES_H 1
| #define HAVE_STDINT_H 1
| #define HAVE_UNISTD_H 1
| #define HAVE_VA_COPY 1
| #define HAVE_DLFCN_H 1
| #define LT_OBJDIR ".libs/"
| #define HAVE_LTDL 1
| #define HAVE_CC "gcc"
| #define URL_GPHOTO_HOME "http://www.gphoto.org/"
| #define URL_GPHOTO_PROJECT "https://github.com/gphoto"
| #define URL_DIGICAM_LIST "http://www.teaser.fr/~hfiguiere/linux/digicam.html"
| #define URL_JPHOTO_HOME "http://jphoto.sourceforge.net/"
| #define URL_USB_MASSSTORAGE "http://www.linux-usb.org/USB-guide/x498.html"
| #define MAIL_GPHOTO_DEVEL "<gphoto-devel@lists.sourceforge.net>"
| #define MAIL_GPHOTO_USER "<gphoto-user@lists.sourceforge.net>"
| #define MAIL_GPHOTO_TRANSLATION "<gphoto-translation@lists.sourceforge.net>"
| #define GETTEXT_PACKAGE "libgphoto2-6"
| #define ENABLE_NLS 1
| #define HAVE_GETTEXT 1
| #define HAVE_DCGETTEXT 1
| #define HAVE_ICONV 1
| #define ICONV_CONST 
| #define HAVE_ASM_SYMVERS 1
| /* end confdefs.h.  */
| 
| 
| int
| main ()
| {
| return main ();
|   ;
|   return 0;
| }
configure:19611: result: no
configure:19635: checking for jpeg_start_decompress in -ljpeg
configure:19660: gcc -o conftest -g -O2 -Wall -Wmissing-declarations -Wmissing-prototypes   conftest.c -ljpeg   >&5
/usr/bin/ld: cannot find -ljpeg
collect2: error: ld returned 1 exit status
configure:19660: $? = 1
configure: failed program was:
| /* confdefs.h */
| #define PACKAGE_NAME "libgphoto2 photo camera library"
| #define PACKAGE_TARNAME "libgphoto2"
| #define PACKAGE_VERSION "2.5.10"
| #define PACKAGE_STRING "libgphoto2 photo camera library 2.5.10"
| #define PACKAGE_BUGREPORT "gphoto-devel@lists.sourceforge.net"
| #define PACKAGE_URL ""
| #define PACKAGE "libgphoto2"
| #define VERSION "2.5.10"
| #define STDC_HEADERS 1
| #define HAVE_SYS_TYPES_H 1
| #define HAVE_SYS_STAT_H 1
| #define HAVE_STDLIB_H 1
| #define HAVE_STRING_H 1
| #define HAVE_MEMORY_H 1
| #define HAVE_STRINGS_H 1
| #define HAVE_INTTYPES_H 1
| #define HAVE_STDINT_H 1
| #define HAVE_UNISTD_H 1
| #define HAVE_VA_COPY 1
| #define HAVE_DLFCN_H 1
| #define LT_OBJDIR ".libs/"
| #define HAVE_LTDL 1
| #define HAVE_CC "gcc"
| #define URL_GPHOTO_HOME "http://www.gphoto.org/"
| #define URL_GPHOTO_PROJECT "https://github.com/gphoto"
| #define URL_DIGICAM_LIST "http://www.teaser.fr/~hfiguiere/linux/digicam.html"
| #define URL_JPHOTO_HOME "http://jphoto.sourceforge.net/"
| #define URL_USB_MASSSTORAGE "http://www.linux-usb.org/USB-guide/x498.html"
| #define MAIL_GPHOTO_DEVEL "<gphoto-devel@lists.sourceforge.net>"
| #define MAIL_GPHOTO_USER "<gphoto-user@lists.sourceforge.net>"
| #define MAIL_GPHOTO_TRANSLATION "<gphoto-translation@lists.sourceforge.net>"
| #define GETTEXT_PACKAGE "libgphoto2-6"
| #define ENABLE_NLS 1
| #define HAVE_GETTEXT 1
| #define HAVE_DCGETTEXT 1
| #define HAVE_ICONV 1
| #define ICONV_CONST 
| #define HAVE_ASM_SYMVERS 1
| /* end confdefs.h.  */
| 
| /* Override any GCC internal prototype to avoid an error.
|    Use char because int might match the return type of a GCC
|    builtin and then its argument prototype would still apply.  */
| #ifdef __cplusplus
| extern "C"
| #endif
| char jpeg_start_decompress ();
| int
| main ()
| {
| return jpeg_start_decompress ();
|   ;
|   return 0;
| }
configure:19669: result: no
configure:19701: checking for dynamic library extension
configure:19726: result: .so
configure:19839: checking pkg-config is at least version 0.9.0
configure:19842: result: yes
configure:19861: checking for libxml-2.0 to use
configure:19879: result: autodetect
configure:19888: checking for LIBXML2
configure:19895: $PKG_CONFIG --exists --print-errors "libxml-2.0 >= 2.0"
Package libxml-2.0 was not found in the pkg-config search path.
Perhaps you should add the directory containing `libxml-2.0.pc'
to the PKG_CONFIG_PATH environment variable
No package 'libxml-2.0' found
configure:19898: $? = 1
configure:19912: $PKG_CONFIG --exists --print-errors "libxml-2.0 >= 2.0"
Package libxml-2.0 was not found in the pkg-config search path.
Perhaps you should add the directory containing `libxml-2.0.pc'
to the PKG_CONFIG_PATH environment variable
No package 'libxml-2.0' found
configure:19915: $? = 1
configure:19929: result: no
No package 'libxml-2.0' found
configure:19961: checking libxml-2.0 config program
configure:19963: result: xml2-config
configure:19967: checking for xml2-config
configure:20000: result: no
configure:20221: checking for gdlib to use
configure:20239: result: autodetect
configure:20248: checking for LIBGD
configure:20255: $PKG_CONFIG --exists --print-errors "gdlib >= 2.0"
Package gdlib was not found in the pkg-config search path.
Perhaps you should add the directory containing `gdlib.pc'
to the PKG_CONFIG_PATH environment variable
No package 'gdlib' found
configure:20258: $? = 1
configure:20272: $PKG_CONFIG --exists --print-errors "gdlib >= 2.0"
Package gdlib was not found in the pkg-config search path.
Perhaps you should add the directory containing `gdlib.pc'
to the PKG_CONFIG_PATH environment variable
No package 'gdlib' found
configure:20275: $? = 1
configure:20289: result: no
No package 'gdlib' found
configure:20321: checking gdlib config program
configure:20323: result: gdlib-config
configure:20327: checking for gdlib-config
configure:20360: result: no
configure:20582: checking for dirent.h that defines DIR
configure:20601: gcc -c -g -O2 -Wall -Wmissing-declarations -Wmissing-prototypes  conftest.c >&5
configure:20601: $? = 0
configure:20609: result: yes
configure:20622: checking for library containing opendir
configure:20653: gcc -o conftest -g -O2 -Wall -Wmissing-declarations -Wmissing-prototypes   conftest.c  >&5
configure:20653: $? = 0
configure:20670: result: none required
configure:20738: checking for ANSI C header files
configure:20842: result: yes
configure:20854: checking sys/param.h usability
configure:20854: gcc -c -g -O2 -Wall -Wmissing-declarations -Wmissing-prototypes  conftest.c >&5
configure:20854: $? = 0
configure:20854: result: yes
configure:20854: checking sys/param.h presence
configure:20854: gcc -E  conftest.c
configure:20854: $? = 0
configure:20854: result: yes
configure:20854: checking for sys/param.h
configure:20854: result: yes
configure:20854: checking sys/mman.h usability
configure:20854: gcc -c -g -O2 -Wall -Wmissing-declarations -Wmissing-prototypes  conftest.c >&5
configure:20854: $? = 0
configure:20854: result: yes
configure:20854: checking sys/mman.h presence
configure:20854: gcc -E  conftest.c
configure:20854: $? = 0
configure:20854: result: yes
configure:20854: checking for sys/mman.h
configure:20854: result: yes
configure:20854: checking sys/select.h usability
configure:20854: gcc -c -g -O2 -Wall -Wmissing-declarations -Wmissing-prototypes  conftest.c >&5
configure:20854: $? = 0
configure:20854: result: yes
configure:20854: checking sys/select.h presence
configure:20854: gcc -E  conftest.c
configure:20854: $? = 0
configure:20854: result: yes
configure:20854: checking for sys/select.h
configure:20854: result: yes
configure:20854: checking locale.h usability
configure:20854: gcc -c -g -O2 -Wall -Wmissing-declarations -Wmissing-prototypes  conftest.c >&5
configure:20854: $? = 0
configure:20854: result: yes
configure:20854: checking locale.h presence
configure:20854: gcc -E  conftest.c
configure:20854: $? = 0
configure:20854: result: yes
configure:20854: checking for locale.h
configure:20854: result: yes
configure:20854: checking for memory.h
configure:20854: result: yes
configure:20854: checking getopt.h usability
configure:20854: gcc -c -g -O2 -Wall -Wmissing-declarations -Wmissing-prototypes  conftest.c >&5
configure:20854: $? = 0
configure:20854: result: yes
configure:20854: checking getopt.h presence
configure:20854: gcc -E  conftest.c
configure:20854: $? = 0
configure:20854: result: yes
configure:20854: checking for getopt.h
configure:20854: result: yes
configure:20854: checking for unistd.h
configure:20854: result: yes
configure:20854: checking mcheck.h usability
configure:20854: gcc -c -g -O2 -Wall -Wmissing-declarations -Wmissing-prototypes  conftest.c >&5
configure:20854: $? = 0
configure:20854: result: yes
configure:20854: checking mcheck.h presence
configure:20854: gcc -E  conftest.c
configure:20854: $? = 0
configure:20854: result: yes
configure:20854: checking for mcheck.h
configure:20854: result: yes
configure:20854: checking limits.h usability
configure:20854: gcc -c -g -O2 -Wall -Wmissing-declarations -Wmissing-prototypes  conftest.c >&5
configure:20854: $? = 0
configure:20854: result: yes
configure:20854: checking limits.h presence
configure:20854: gcc -E  conftest.c
configure:20854: $? = 0
configure:20854: result: yes
configure:20854: checking for limits.h
configure:20854: result: yes
configure:20854: checking sys/time.h usability
configure:20854: gcc -c -g -O2 -Wall -Wmissing-declarations -Wmissing-prototypes  conftest.c >&5
configure:20854: $? = 0
configure:20854: result: yes
configure:20854: checking sys/time.h presence
configure:20854: gcc -E  conftest.c
configure:20854: $? = 0
configure:20854: result: yes
configure:20854: checking for sys/time.h
configure:20854: result: yes
configure:20854: checking langinfo.h usability
configure:20854: gcc -c -g -O2 -Wall -Wmissing-declarations -Wmissing-prototypes  conftest.c >&5
configure:20854: $? = 0
configure:20854: result: yes
configure:20854: checking langinfo.h presence
configure:20854: gcc -E  conftest.c
configure:20854: $? = 0
configure:20854: result: yes
configure:20854: checking for langinfo.h
configure:20854: result: yes
configure:20864: checking for inline
configure:20880: gcc -c -g -O2 -Wall -Wmissing-declarations -Wmissing-prototypes  conftest.c >&5
configure:20880: $? = 0
configure:20888: result: inline
configure:20906: checking for an ANSI C-conforming const
configure:20972: gcc -c -g -O2 -Wall -Wmissing-declarations -Wmissing-prototypes  conftest.c >&5
configure:20972: $? = 0
configure:20979: result: yes
configure:20990: checking for size_t
configure:20990: gcc -c -g -O2 -Wall -Wmissing-declarations -Wmissing-prototypes  conftest.c >&5
configure:20990: $? = 0
configure:20990: gcc -c -g -O2 -Wall -Wmissing-declarations -Wmissing-prototypes  conftest.c >&5
conftest.c: In function 'main':
conftest.c:90:21: error: expected expression before ')' token
 if (sizeof ((size_t)))
                     ^
configure:20990: $? = 1
configure: failed program was:
| /* confdefs.h */
| #define PACKAGE_NAME "libgphoto2 photo camera library"
| #define PACKAGE_TARNAME "libgphoto2"
| #define PACKAGE_VERSION "2.5.10"
| #define PACKAGE_STRING "libgphoto2 photo camera library 2.5.10"
| #define PACKAGE_BUGREPORT "gphoto-devel@lists.sourceforge.net"
| #define PACKAGE_URL ""
| #define PACKAGE "libgphoto2"
| #define VERSION "2.5.10"
| #define STDC_HEADERS 1
| #define HAVE_SYS_TYPES_H 1
| #define HAVE_SYS_STAT_H 1
| #define HAVE_STDLIB_H 1
| #define HAVE_STRING_H 1
| #define HAVE_MEMORY_H 1
| #define HAVE_STRINGS_H 1
| #define HAVE_INTTYPES_H 1
| #define HAVE_STDINT_H 1
| #define HAVE_UNISTD_H 1
| #define HAVE_VA_COPY 1
| #define HAVE_DLFCN_H 1
| #define LT_OBJDIR ".libs/"
| #define HAVE_LTDL 1
| #define HAVE_CC "gcc"
| #define URL_GPHOTO_HOME "http://www.gphoto.org/"
| #define URL_GPHOTO_PROJECT "https://github.com/gphoto"
| #define URL_DIGICAM_LIST "http://www.teaser.fr/~hfiguiere/linux/digicam.html"
| #define URL_JPHOTO_HOME "http://jphoto.sourceforge.net/"
| #define URL_USB_MASSSTORAGE "http://www.linux-usb.org/USB-guide/x498.html"
| #define MAIL_GPHOTO_DEVEL "<gphoto-devel@lists.sourceforge.net>"
| #define MAIL_GPHOTO_USER "<gphoto-user@lists.sourceforge.net>"
| #define MAIL_GPHOTO_TRANSLATION "<gphoto-translation@lists.sourceforge.net>"
| #define GETTEXT_PACKAGE "libgphoto2-6"
| #define ENABLE_NLS 1
| #define HAVE_GETTEXT 1
| #define HAVE_DCGETTEXT 1
| #define HAVE_ICONV 1
| #define ICONV_CONST 
| #define HAVE_ASM_SYMVERS 1
| #define HAVE_DIRENT_H 1
| #define STDC_HEADERS 1
| #define HAVE_SYS_PARAM_H 1
| #define HAVE_SYS_MMAN_H 1
| #define HAVE_SYS_SELECT_H 1
| #define HAVE_LOCALE_H 1
| #define HAVE_MEMORY_H 1
| #define HAVE_GETOPT_H 1
| #define HAVE_UNISTD_H 1
| #define HAVE_MCHECK_H 1
| #define HAVE_LIMITS_H 1
| #define HAVE_SYS_TIME_H 1
| #define HAVE_LANGINFO_H 1
| /* end confdefs.h.  */
| #include <stdio.h>
| #ifdef HAVE_SYS_TYPES_H
| # include <sys/types.h>
| #endif
| #ifdef HAVE_SYS_STAT_H
| # include <sys/stat.h>
| #endif
| #ifdef STDC_HEADERS
| # include <stdlib.h>
| # include <stddef.h>
| #else
| # ifdef HAVE_STDLIB_H
| #  include <stdlib.h>
| # endif
| #endif
| #ifdef HAVE_STRING_H
| # if !defined STDC_HEADERS && defined HAVE_MEMORY_H
| #  include <memory.h>
| # endif
| # include <string.h>
| #endif
| #ifdef HAVE_STRINGS_H
| # include <strings.h>
| #endif
| #ifdef HAVE_INTTYPES_H
| # include <inttypes.h>
| #endif
| #ifdef HAVE_STDINT_H
| # include <stdint.h>
| #endif
| #ifdef HAVE_UNISTD_H
| # include <unistd.h>
| #endif
| int
| main ()
| {
| if (sizeof ((size_t)))
| 	    return 0;
|   ;
|   return 0;
| }
configure:20990: result: yes
configure:21005: checking for getenv
configure:21005: gcc -o conftest -g -O2 -Wall -Wmissing-declarations -Wmissing-prototypes   conftest.c  >&5
configure:21005: $? = 0
configure:21005: result: yes
configure:21005: checking for getopt
configure:21005: gcc -o conftest -g -O2 -Wall -Wmissing-declarations -Wmissing-prototypes   conftest.c  >&5
configure:21005: $? = 0
configure:21005: result: yes
configure:21005: checking for getopt_long
configure:21005: gcc -o conftest -g -O2 -Wall -Wmissing-declarations -Wmissing-prototypes   conftest.c  >&5
configure:21005: $? = 0
configure:21005: result: yes
configure:21005: checking for mkdir
configure:21005: gcc -o conftest -g -O2 -Wall -Wmissing-declarations -Wmissing-prototypes   conftest.c  >&5
configure:21005: $? = 0
configure:21005: result: yes
configure:21005: checking for setenv
configure:21005: gcc -o conftest -g -O2 -Wall -Wmissing-declarations -Wmissing-prototypes   conftest.c  >&5
configure:21005: $? = 0
configure:21005: result: yes
configure:21005: checking for strdup
configure:21005: gcc -o conftest -g -O2 -Wall -Wmissing-declarations -Wmissing-prototypes   conftest.c  >&5
conftest.c:82:6: warning: conflicting types for built-in function 'strdup'
 char strdup ();
      ^
configure:21005: $? = 0
configure:21005: result: yes
configure:21005: checking for strncpy
configure:21005: gcc -o conftest -g -O2 -Wall -Wmissing-declarations -Wmissing-prototypes   conftest.c  >&5
conftest.c:83:6: warning: conflicting types for built-in function 'strncpy'
 char strncpy ();
      ^
configure:21005: $? = 0
configure:21005: result: yes
configure:21005: checking for strcpy
configure:21005: gcc -o conftest -g -O2 -Wall -Wmissing-declarations -Wmissing-prototypes   conftest.c  >&5
conftest.c:84:6: warning: conflicting types for built-in function 'strcpy'
 char strcpy ();
      ^
configure:21005: $? = 0
configure:21005: result: yes
configure:21005: checking for snprintf
configure:21005: gcc -o conftest -g -O2 -Wall -Wmissing-declarations -Wmissing-prototypes   conftest.c  >&5
conftest.c:85:6: warning: conflicting types for built-in function 'snprintf'
 char snprintf ();
      ^
configure:21005: $? = 0
configure:21005: result: yes
configure:21005: checking for sprintf
configure:21005: gcc -o conftest -g -O2 -Wall -Wmissing-declarations -Wmissing-prototypes   conftest.c  >&5
conftest.c:86:6: warning: conflicting types for built-in function 'sprintf'
 char sprintf ();
      ^
configure:21005: $? = 0
configure:21005: result: yes
configure:21005: checking for vsnprintf
configure:21005: gcc -o conftest -g -O2 -Wall -Wmissing-declarations -Wmissing-prototypes   conftest.c  >&5
conftest.c:87:6: warning: conflicting types for built-in function 'vsnprintf'
 char vsnprintf ();
      ^
configure:21005: $? = 0
configure:21005: result: yes
configure:21005: checking for gmtime_r
configure:21005: gcc -o conftest -g -O2 -Wall -Wmissing-declarations -Wmissing-prototypes   conftest.c  >&5
configure:21005: $? = 0
configure:21005: result: yes
configure:21005: checking for statfs
configure:21005: gcc -o conftest -g -O2 -Wall -Wmissing-declarations -Wmissing-prototypes   conftest.c  >&5
configure:21005: $? = 0
configure:21005: result: yes
configure:21005: checking for localtime_r
configure:21005: gcc -o conftest -g -O2 -Wall -Wmissing-declarations -Wmissing-prototypes   conftest.c  >&5
configure:21005: $? = 0
configure:21005: result: yes
configure:21005: checking for lstat
configure:21005: gcc -o conftest -g -O2 -Wall -Wmissing-declarations -Wmissing-prototypes   conftest.c  >&5
configure:21005: $? = 0
configure:21005: result: yes
configure:21005: checking for inet_aton
configure:21005: gcc -o conftest -g -O2 -Wall -Wmissing-declarations -Wmissing-prototypes   conftest.c  >&5
configure:21005: $? = 0
configure:21005: result: yes
configure:21005: checking for rand_r
configure:21005: gcc -o conftest -g -O2 -Wall -Wmissing-declarations -Wmissing-prototypes   conftest.c  >&5
configure:21005: $? = 0
configure:21005: result: yes
configure:21015: checking whether struct tm is in sys/time.h or time.h
configure:21035: gcc -c -g -O2 -Wall -Wmissing-declarations -Wmissing-prototypes  conftest.c >&5
configure:21035: $? = 0
configure:21042: result: time.h
configure:21051: checking for tm_gmtoff in struct tm
configure:21070: gcc -c -g -O2 -Wall -Wmissing-declarations -Wmissing-prototypes  conftest.c >&5
conftest.c: In function 'main':
conftest.c:80:1: warning: statement with no effect [-Wunused-value]
 tm.tm_gmtoff;
 ^
configure:21070: $? = 0
configure:21075: result: yes
configure:21089: checking for sys/mount.h
configure:21089: gcc -c -g -O2 -Wall -Wmissing-declarations -Wmissing-prototypes  conftest.c >&5
configure:21089: $? = 0
configure:21089: result: yes
configure:21089: checking for sys/statfs.h
configure:21089: gcc -c -g -O2 -Wall -Wmissing-declarations -Wmissing-prototypes  conftest.c >&5
configure:21089: $? = 0
configure:21089: result: yes
configure:21089: checking for sys/user.h
configure:21089: gcc -c -g -O2 -Wall -Wmissing-declarations -Wmissing-prototypes  conftest.c >&5
configure:21089: $? = 0
configure:21089: result: yes
configure:21089: checking for sys/vfs.h
configure:21089: gcc -c -g -O2 -Wall -Wmissing-declarations -Wmissing-prototypes  conftest.c >&5
configure:21089: $? = 0
configure:21089: result: yes
configure:21106: checking for struct statfs.f_bfree
configure:21106: gcc -c -g -O2 -Wall -Wmissing-declarations -Wmissing-prototypes  conftest.c >&5
configure:21106: $? = 0
configure:21106: result: yes
configure:21130: checking for struct statfs.f_bavail
configure:21130: gcc -c -g -O2 -Wall -Wmissing-declarations -Wmissing-prototypes  conftest.c >&5
configure:21130: $? = 0
configure:21130: result: yes
configure:21154: checking for struct statfs.f_favail
configure:21154: gcc -c -g -O2 -Wall -Wmissing-declarations -Wmissing-prototypes  conftest.c >&5
conftest.c: In function 'main':
conftest.c:98:12: error: 'struct statfs' has no member named 'f_favail'
 if (ac_aggr.f_favail)
            ^
conftest.c:97:22: warning: variable 'ac_aggr' set but not used [-Wunused-but-set-variable]
 static struct statfs ac_aggr;
                      ^
configure:21154: $? = 1
configure: failed program was:
| /* confdefs.h */
| #define PACKAGE_NAME "libgphoto2 photo camera library"
| #define PACKAGE_TARNAME "libgphoto2"
| #define PACKAGE_VERSION "2.5.10"
| #define PACKAGE_STRING "libgphoto2 photo camera library 2.5.10"
| #define PACKAGE_BUGREPORT "gphoto-devel@lists.sourceforge.net"
| #define PACKAGE_URL ""
| #define PACKAGE "libgphoto2"
| #define VERSION "2.5.10"
| #define STDC_HEADERS 1
| #define HAVE_SYS_TYPES_H 1
| #define HAVE_SYS_STAT_H 1
| #define HAVE_STDLIB_H 1
| #define HAVE_STRING_H 1
| #define HAVE_MEMORY_H 1
| #define HAVE_STRINGS_H 1
| #define HAVE_INTTYPES_H 1
| #define HAVE_STDINT_H 1
| #define HAVE_UNISTD_H 1
| #define HAVE_VA_COPY 1
| #define HAVE_DLFCN_H 1
| #define LT_OBJDIR ".libs/"
| #define HAVE_LTDL 1
| #define HAVE_CC "gcc"
| #define URL_GPHOTO_HOME "http://www.gphoto.org/"
| #define URL_GPHOTO_PROJECT "https://github.com/gphoto"
| #define URL_DIGICAM_LIST "http://www.teaser.fr/~hfiguiere/linux/digicam.html"
| #define URL_JPHOTO_HOME "http://jphoto.sourceforge.net/"
| #define URL_USB_MASSSTORAGE "http://www.linux-usb.org/USB-guide/x498.html"
| #define MAIL_GPHOTO_DEVEL "<gphoto-devel@lists.sourceforge.net>"
| #define MAIL_GPHOTO_USER "<gphoto-user@lists.sourceforge.net>"
| #define MAIL_GPHOTO_TRANSLATION "<gphoto-translation@lists.sourceforge.net>"
| #define GETTEXT_PACKAGE "libgphoto2-6"
| #define ENABLE_NLS 1
| #define HAVE_GETTEXT 1
| #define HAVE_DCGETTEXT 1
| #define HAVE_ICONV 1
| #define ICONV_CONST 
| #define HAVE_ASM_SYMVERS 1
| #define HAVE_DIRENT_H 1
| #define STDC_HEADERS 1
| #define HAVE_SYS_PARAM_H 1
| #define HAVE_SYS_MMAN_H 1
| #define HAVE_SYS_SELECT_H 1
| #define HAVE_LOCALE_H 1
| #define HAVE_MEMORY_H 1
| #define HAVE_GETOPT_H 1
| #define HAVE_UNISTD_H 1
| #define HAVE_MCHECK_H 1
| #define HAVE_LIMITS_H 1
| #define HAVE_SYS_TIME_H 1
| #define HAVE_LANGINFO_H 1
| #define HAVE_GETENV 1
| #define HAVE_GETOPT 1
| #define HAVE_GETOPT_LONG 1
| #define HAVE_MKDIR 1
| #define HAVE_SETENV 1
| #define HAVE_STRDUP 1
| #define HAVE_STRNCPY 1
| #define HAVE_STRCPY 1
| #define HAVE_SNPRINTF 1
| #define HAVE_SPRINTF 1
| #define HAVE_VSNPRINTF 1
| #define HAVE_GMTIME_R 1
| #define HAVE_STATFS 1
| #define HAVE_LOCALTIME_R 1
| #define HAVE_LSTAT 1
| #define HAVE_INET_ATON 1
| #define HAVE_RAND_R 1
| #define HAVE_TM_GMTOFF 1
| #define HAVE_SYS_MOUNT_H 1
| #define HAVE_SYS_STATFS_H 1
| #define HAVE_SYS_USER_H 1
| #define HAVE_SYS_VFS_H 1
| #define HAVE_STRUCT_STATFS_F_BFREE 1
| #define HAVE_STRUCT_STATFS_F_BAVAIL 1
| /* end confdefs.h.  */
| 
| #include <sys/types.h>
| #ifdef HAVE_SYS_PARAM_H
| # include <sys/param.h>
| #endif
| #ifdef HAVE_SYS_MOUNT_H
| # include <sys/mount.h>
| #endif
| #ifdef HAVE_SYS_VFS_H
| # include <sys/vfs.h>
| #endif
| #ifdef HAVE_SYS_STATFS_H
| # include <sys/statfs.h>
| #endif
| 
| 
| int
| main ()
| {
| static struct statfs ac_aggr;
| if (ac_aggr.f_favail)
| return 0;
|   ;
|   return 0;
| }
configure:21154: gcc -c -g -O2 -Wall -Wmissing-declarations -Wmissing-prototypes  conftest.c >&5
conftest.c: In function 'main':
conftest.c:98:19: error: 'struct statfs' has no member named 'f_favail'
 if (sizeof ac_aggr.f_favail)
                   ^
conftest.c:97:22: warning: variable 'ac_aggr' set but not used [-Wunused-but-set-variable]
 static struct statfs ac_aggr;
                      ^
configure:21154: $? = 1
configure: failed program was:
| /* confdefs.h */
| #define PACKAGE_NAME "libgphoto2 photo camera library"
| #define PACKAGE_TARNAME "libgphoto2"
| #define PACKAGE_VERSION "2.5.10"
| #define PACKAGE_STRING "libgphoto2 photo camera library 2.5.10"
| #define PACKAGE_BUGREPORT "gphoto-devel@lists.sourceforge.net"
| #define PACKAGE_URL ""
| #define PACKAGE "libgphoto2"
| #define VERSION "2.5.10"
| #define STDC_HEADERS 1
| #define HAVE_SYS_TYPES_H 1
| #define HAVE_SYS_STAT_H 1
| #define HAVE_STDLIB_H 1
| #define HAVE_STRING_H 1
| #define HAVE_MEMORY_H 1
| #define HAVE_STRINGS_H 1
| #define HAVE_INTTYPES_H 1
| #define HAVE_STDINT_H 1
| #define HAVE_UNISTD_H 1
| #define HAVE_VA_COPY 1
| #define HAVE_DLFCN_H 1
| #define LT_OBJDIR ".libs/"
| #define HAVE_LTDL 1
| #define HAVE_CC "gcc"
| #define URL_GPHOTO_HOME "http://www.gphoto.org/"
| #define URL_GPHOTO_PROJECT "https://github.com/gphoto"
| #define URL_DIGICAM_LIST "http://www.teaser.fr/~hfiguiere/linux/digicam.html"
| #define URL_JPHOTO_HOME "http://jphoto.sourceforge.net/"
| #define URL_USB_MASSSTORAGE "http://www.linux-usb.org/USB-guide/x498.html"
| #define MAIL_GPHOTO_DEVEL "<gphoto-devel@lists.sourceforge.net>"
| #define MAIL_GPHOTO_USER "<gphoto-user@lists.sourceforge.net>"
| #define MAIL_GPHOTO_TRANSLATION "<gphoto-translation@lists.sourceforge.net>"
| #define GETTEXT_PACKAGE "libgphoto2-6"
| #define ENABLE_NLS 1
| #define HAVE_GETTEXT 1
| #define HAVE_DCGETTEXT 1
| #define HAVE_ICONV 1
| #define ICONV_CONST 
| #define HAVE_ASM_SYMVERS 1
| #define HAVE_DIRENT_H 1
| #define STDC_HEADERS 1
| #define HAVE_SYS_PARAM_H 1
| #define HAVE_SYS_MMAN_H 1
| #define HAVE_SYS_SELECT_H 1
| #define HAVE_LOCALE_H 1
| #define HAVE_MEMORY_H 1
| #define HAVE_GETOPT_H 1
| #define HAVE_UNISTD_H 1
| #define HAVE_MCHECK_H 1
| #define HAVE_LIMITS_H 1
| #define HAVE_SYS_TIME_H 1
| #define HAVE_LANGINFO_H 1
| #define HAVE_GETENV 1
| #define HAVE_GETOPT 1
| #define HAVE_GETOPT_LONG 1
| #define HAVE_MKDIR 1
| #define HAVE_SETENV 1
| #define HAVE_STRDUP 1
| #define HAVE_STRNCPY 1
| #define HAVE_STRCPY 1
| #define HAVE_SNPRINTF 1
| #define HAVE_SPRINTF 1
| #define HAVE_VSNPRINTF 1
| #define HAVE_GMTIME_R 1
| #define HAVE_STATFS 1
| #define HAVE_LOCALTIME_R 1
| #define HAVE_LSTAT 1
| #define HAVE_INET_ATON 1
| #define HAVE_RAND_R 1
| #define HAVE_TM_GMTOFF 1
| #define HAVE_SYS_MOUNT_H 1
| #define HAVE_SYS_STATFS_H 1
| #define HAVE_SYS_USER_H 1
| #define HAVE_SYS_VFS_H 1
| #define HAVE_STRUCT_STATFS_F_BFREE 1
| #define HAVE_STRUCT_STATFS_F_BAVAIL 1
| /* end confdefs.h.  */
| 
| #include <sys/types.h>
| #ifdef HAVE_SYS_PARAM_H
| # include <sys/param.h>
| #endif
| #ifdef HAVE_SYS_MOUNT_H
| # include <sys/mount.h>
| #endif
| #ifdef HAVE_SYS_VFS_H
| # include <sys/vfs.h>
| #endif
| #ifdef HAVE_SYS_STATFS_H
| # include <sys/statfs.h>
| #endif
| 
| 
| int
| main ()
| {
| static struct statfs ac_aggr;
| if (sizeof ac_aggr.f_favail)
| return 0;
|   ;
|   return 0;
| }
configure:21154: result: no
configure:21180: checking for struct statvfs.f_blocks
configure:21180: gcc -c -g -O2 -Wall -Wmissing-declarations -Wmissing-prototypes  conftest.c >&5
conftest.c: In function 'main':
conftest.c:87:23: error: storage size of 'ac_aggr' isn't known
 static struct statvfs ac_aggr;
                       ^
conftest.c:87:23: warning: unused variable 'ac_aggr' [-Wunused-variable]
configure:21180: $? = 1
configure: failed program was:
| /* confdefs.h */
| #define PACKAGE_NAME "libgphoto2 photo camera library"
| #define PACKAGE_TARNAME "libgphoto2"
| #define PACKAGE_VERSION "2.5.10"
| #define PACKAGE_STRING "libgphoto2 photo camera library 2.5.10"
| #define PACKAGE_BUGREPORT "gphoto-devel@lists.sourceforge.net"
| #define PACKAGE_URL ""
| #define PACKAGE "libgphoto2"
| #define VERSION "2.5.10"
| #define STDC_HEADERS 1
| #define HAVE_SYS_TYPES_H 1
| #define HAVE_SYS_STAT_H 1
| #define HAVE_STDLIB_H 1
| #define HAVE_STRING_H 1
| #define HAVE_MEMORY_H 1
| #define HAVE_STRINGS_H 1
| #define HAVE_INTTYPES_H 1
| #define HAVE_STDINT_H 1
| #define HAVE_UNISTD_H 1
| #define HAVE_VA_COPY 1
| #define HAVE_DLFCN_H 1
| #define LT_OBJDIR ".libs/"
| #define HAVE_LTDL 1
| #define HAVE_CC "gcc"
| #define URL_GPHOTO_HOME "http://www.gphoto.org/"
| #define URL_GPHOTO_PROJECT "https://github.com/gphoto"
| #define URL_DIGICAM_LIST "http://www.teaser.fr/~hfiguiere/linux/digicam.html"
| #define URL_JPHOTO_HOME "http://jphoto.sourceforge.net/"
| #define URL_USB_MASSSTORAGE "http://www.linux-usb.org/USB-guide/x498.html"
| #define MAIL_GPHOTO_DEVEL "<gphoto-devel@lists.sourceforge.net>"
| #define MAIL_GPHOTO_USER "<gphoto-user@lists.sourceforge.net>"
| #define MAIL_GPHOTO_TRANSLATION "<gphoto-translation@lists.sourceforge.net>"
| #define GETTEXT_PACKAGE "libgphoto2-6"
| #define ENABLE_NLS 1
| #define HAVE_GETTEXT 1
| #define HAVE_DCGETTEXT 1
| #define HAVE_ICONV 1
| #define ICONV_CONST 
| #define HAVE_ASM_SYMVERS 1
| #define HAVE_DIRENT_H 1
| #define STDC_HEADERS 1
| #define HAVE_SYS_PARAM_H 1
| #define HAVE_SYS_MMAN_H 1
| #define HAVE_SYS_SELECT_H 1
| #define HAVE_LOCALE_H 1
| #define HAVE_MEMORY_H 1
| #define HAVE_GETOPT_H 1
| #define HAVE_UNISTD_H 1
| #define HAVE_MCHECK_H 1
| #define HAVE_LIMITS_H 1
| #define HAVE_SYS_TIME_H 1
| #define HAVE_LANGINFO_H 1
| #define HAVE_GETENV 1
| #define HAVE_GETOPT 1
| #define HAVE_GETOPT_LONG 1
| #define HAVE_MKDIR 1
| #define HAVE_SETENV 1
| #define HAVE_STRDUP 1
| #define HAVE_STRNCPY 1
| #define HAVE_STRCPY 1
| #define HAVE_SNPRINTF 1
| #define HAVE_SPRINTF 1
| #define HAVE_VSNPRINTF 1
| #define HAVE_GMTIME_R 1
| #define HAVE_STATFS 1
| #define HAVE_LOCALTIME_R 1
| #define HAVE_LSTAT 1
| #define HAVE_INET_ATON 1
| #define HAVE_RAND_R 1
| #define HAVE_TM_GMTOFF 1
| #define HAVE_SYS_MOUNT_H 1
| #define HAVE_SYS_STATFS_H 1
| #define HAVE_SYS_USER_H 1
| #define HAVE_SYS_VFS_H 1
| #define HAVE_STRUCT_STATFS_F_BFREE 1
| #define HAVE_STRUCT_STATFS_F_BAVAIL 1
| /* end confdefs.h.  */
| 
| #ifdef HAVE_SYS_STATVFS_H
| # include <sys/statvfs.h>
| #endif
| 
| 
| int
| main ()
| {
| static struct statvfs ac_aggr;
| if (ac_aggr.f_blocks)
| return 0;
|   ;
|   return 0;
| }
configure:21180: gcc -c -g -O2 -Wall -Wmissing-declarations -Wmissing-prototypes  conftest.c >&5
conftest.c: In function 'main':
conftest.c:87:23: error: storage size of 'ac_aggr' isn't known
 static struct statvfs ac_aggr;
                       ^
conftest.c:87:23: warning: unused variable 'ac_aggr' [-Wunused-variable]
configure:21180: $? = 1
configure: failed program was:
| /* confdefs.h */
| #define PACKAGE_NAME "libgphoto2 photo camera library"
| #define PACKAGE_TARNAME "libgphoto2"
| #define PACKAGE_VERSION "2.5.10"
| #define PACKAGE_STRING "libgphoto2 photo camera library 2.5.10"
| #define PACKAGE_BUGREPORT "gphoto-devel@lists.sourceforge.net"
| #define PACKAGE_URL ""
| #define PACKAGE "libgphoto2"
| #define VERSION "2.5.10"
| #define STDC_HEADERS 1
| #define HAVE_SYS_TYPES_H 1
| #define HAVE_SYS_STAT_H 1
| #define HAVE_STDLIB_H 1
| #define HAVE_STRING_H 1
| #define HAVE_MEMORY_H 1
| #define HAVE_STRINGS_H 1
| #define HAVE_INTTYPES_H 1
| #define HAVE_STDINT_H 1
| #define HAVE_UNISTD_H 1
| #define HAVE_VA_COPY 1
| #define HAVE_DLFCN_H 1
| #define LT_OBJDIR ".libs/"
| #define HAVE_LTDL 1
| #define HAVE_CC "gcc"
| #define URL_GPHOTO_HOME "http://www.gphoto.org/"
| #define URL_GPHOTO_PROJECT "https://github.com/gphoto"
| #define URL_DIGICAM_LIST "http://www.teaser.fr/~hfiguiere/linux/digicam.html"
| #define URL_JPHOTO_HOME "http://jphoto.sourceforge.net/"
| #define URL_USB_MASSSTORAGE "http://www.linux-usb.org/USB-guide/x498.html"
| #define MAIL_GPHOTO_DEVEL "<gphoto-devel@lists.sourceforge.net>"
| #define MAIL_GPHOTO_USER "<gphoto-user@lists.sourceforge.net>"
| #define MAIL_GPHOTO_TRANSLATION "<gphoto-translation@lists.sourceforge.net>"
| #define GETTEXT_PACKAGE "libgphoto2-6"
| #define ENABLE_NLS 1
| #define HAVE_GETTEXT 1
| #define HAVE_DCGETTEXT 1
| #define HAVE_ICONV 1
| #define ICONV_CONST 
| #define HAVE_ASM_SYMVERS 1
| #define HAVE_DIRENT_H 1
| #define STDC_HEADERS 1
| #define HAVE_SYS_PARAM_H 1
| #define HAVE_SYS_MMAN_H 1
| #define HAVE_SYS_SELECT_H 1
| #define HAVE_LOCALE_H 1
| #define HAVE_MEMORY_H 1
| #define HAVE_GETOPT_H 1
| #define HAVE_UNISTD_H 1
| #define HAVE_MCHECK_H 1
| #define HAVE_LIMITS_H 1
| #define HAVE_SYS_TIME_H 1
| #define HAVE_LANGINFO_H 1
| #define HAVE_GETENV 1
| #define HAVE_GETOPT 1
| #define HAVE_GETOPT_LONG 1
| #define HAVE_MKDIR 1
| #define HAVE_SETENV 1
| #define HAVE_STRDUP 1
| #define HAVE_STRNCPY 1
| #define HAVE_STRCPY 1
| #define HAVE_SNPRINTF 1
| #define HAVE_SPRINTF 1
| #define HAVE_VSNPRINTF 1
| #define HAVE_GMTIME_R 1
| #define HAVE_STATFS 1
| #define HAVE_LOCALTIME_R 1
| #define HAVE_LSTAT 1
| #define HAVE_INET_ATON 1
| #define HAVE_RAND_R 1
| #define HAVE_TM_GMTOFF 1
| #define HAVE_SYS_MOUNT_H 1
| #define HAVE_SYS_STATFS_H 1
| #define HAVE_SYS_USER_H 1
| #define HAVE_SYS_VFS_H 1
| #define HAVE_STRUCT_STATFS_F_BFREE 1
| #define HAVE_STRUCT_STATFS_F_BAVAIL 1
| /* end confdefs.h.  */
| 
| #ifdef HAVE_SYS_STATVFS_H
| # include <sys/statvfs.h>
| #endif
| 
| 
| int
| main ()
| {
| static struct statvfs ac_aggr;
| if (sizeof ac_aggr.f_blocks)
| return 0;
|   ;
|   return 0;
| }
configure:21180: result: no
configure:21228: checking for uint8_t in stdint.h
configure:21241: result: yes
configure:21409: checking whether byte ordering is bigendian
configure:21424: gcc -c -g -O2 -Wall -Wmissing-declarations -Wmissing-prototypes  conftest.c >&5
conftest.c:79:9: error: unknown type name 'not'
         not a universal capable compiler
         ^
conftest.c:79:15: error: expected '=', ',', ';', 'asm' or '__attribute__' before 'universal'
         not a universal capable compiler
               ^
conftest.c:79:15: error: unknown type name 'universal'
configure:21424: $? = 1
configure: failed program was:
| /* confdefs.h */
| #define PACKAGE_NAME "libgphoto2 photo camera library"
| #define PACKAGE_TARNAME "libgphoto2"
| #define PACKAGE_VERSION "2.5.10"
| #define PACKAGE_STRING "libgphoto2 photo camera library 2.5.10"
| #define PACKAGE_BUGREPORT "gphoto-devel@lists.sourceforge.net"
| #define PACKAGE_URL ""
| #define PACKAGE "libgphoto2"
| #define VERSION "2.5.10"
| #define STDC_HEADERS 1
| #define HAVE_SYS_TYPES_H 1
| #define HAVE_SYS_STAT_H 1
| #define HAVE_STDLIB_H 1
| #define HAVE_STRING_H 1
| #define HAVE_MEMORY_H 1
| #define HAVE_STRINGS_H 1
| #define HAVE_INTTYPES_H 1
| #define HAVE_STDINT_H 1
| #define HAVE_UNISTD_H 1
| #define HAVE_VA_COPY 1
| #define HAVE_DLFCN_H 1
| #define LT_OBJDIR ".libs/"
| #define HAVE_LTDL 1
| #define HAVE_CC "gcc"
| #define URL_GPHOTO_HOME "http://www.gphoto.org/"
| #define URL_GPHOTO_PROJECT "https://github.com/gphoto"
| #define URL_DIGICAM_LIST "http://www.teaser.fr/~hfiguiere/linux/digicam.html"
| #define URL_JPHOTO_HOME "http://jphoto.sourceforge.net/"
| #define URL_USB_MASSSTORAGE "http://www.linux-usb.org/USB-guide/x498.html"
| #define MAIL_GPHOTO_DEVEL "<gphoto-devel@lists.sourceforge.net>"
| #define MAIL_GPHOTO_USER "<gphoto-user@lists.sourceforge.net>"
| #define MAIL_GPHOTO_TRANSLATION "<gphoto-translation@lists.sourceforge.net>"
| #define GETTEXT_PACKAGE "libgphoto2-6"
| #define ENABLE_NLS 1
| #define HAVE_GETTEXT 1
| #define HAVE_DCGETTEXT 1
| #define HAVE_ICONV 1
| #define ICONV_CONST 
| #define HAVE_ASM_SYMVERS 1
| #define HAVE_DIRENT_H 1
| #define STDC_HEADERS 1
| #define HAVE_SYS_PARAM_H 1
| #define HAVE_SYS_MMAN_H 1
| #define HAVE_SYS_SELECT_H 1
| #define HAVE_LOCALE_H 1
| #define HAVE_MEMORY_H 1
| #define HAVE_GETOPT_H 1
| #define HAVE_UNISTD_H 1
| #define HAVE_MCHECK_H 1
| #define HAVE_LIMITS_H 1
| #define HAVE_SYS_TIME_H 1
| #define HAVE_LANGINFO_H 1
| #define HAVE_GETENV 1
| #define HAVE_GETOPT 1
| #define HAVE_GETOPT_LONG 1
| #define HAVE_MKDIR 1
| #define HAVE_SETENV 1
| #define HAVE_STRDUP 1
| #define HAVE_STRNCPY 1
| #define HAVE_STRCPY 1
| #define HAVE_SNPRINTF 1
| #define HAVE_SPRINTF 1
| #define HAVE_VSNPRINTF 1
| #define HAVE_GMTIME_R 1
| #define HAVE_STATFS 1
| #define HAVE_LOCALTIME_R 1
| #define HAVE_LSTAT 1
| #define HAVE_INET_ATON 1
| #define HAVE_RAND_R 1
| #define HAVE_TM_GMTOFF 1
| #define HAVE_SYS_MOUNT_H 1
| #define HAVE_SYS_STATFS_H 1
| #define HAVE_SYS_USER_H 1
| #define HAVE_SYS_VFS_H 1
| #define HAVE_STRUCT_STATFS_F_BFREE 1
| #define HAVE_STRUCT_STATFS_F_BAVAIL 1
| /* end confdefs.h.  */
| #ifndef __APPLE_CC__
| 	       not a universal capable compiler
| 	     #endif
| 	     typedef int dummy;
| 
configure:21469: gcc -c -g -O2 -Wall -Wmissing-declarations -Wmissing-prototypes  conftest.c >&5
configure:21469: $? = 0
configure:21487: gcc -c -g -O2 -Wall -Wmissing-declarations -Wmissing-prototypes  conftest.c >&5
conftest.c: In function 'main':
conftest.c:85:4: error: unknown type name 'not'
    not big endian
    ^
conftest.c:85:12: error: expected '=', ',', ';', 'asm' or '__attribute__' before 'endian'
    not big endian
            ^
configure:21487: $? = 1
configure: failed program was:
| /* confdefs.h */
| #define PACKAGE_NAME "libgphoto2 photo camera library"
| #define PACKAGE_TARNAME "libgphoto2"
| #define PACKAGE_VERSION "2.5.10"
| #define PACKAGE_STRING "libgphoto2 photo camera library 2.5.10"
| #define PACKAGE_BUGREPORT "gphoto-devel@lists.sourceforge.net"
| #define PACKAGE_URL ""
| #define PACKAGE "libgphoto2"
| #define VERSION "2.5.10"
| #define STDC_HEADERS 1
| #define HAVE_SYS_TYPES_H 1
| #define HAVE_SYS_STAT_H 1
| #define HAVE_STDLIB_H 1
| #define HAVE_STRING_H 1
| #define HAVE_MEMORY_H 1
| #define HAVE_STRINGS_H 1
| #define HAVE_INTTYPES_H 1
| #define HAVE_STDINT_H 1
| #define HAVE_UNISTD_H 1
| #define HAVE_VA_COPY 1
| #define HAVE_DLFCN_H 1
| #define LT_OBJDIR ".libs/"
| #define HAVE_LTDL 1
| #define HAVE_CC "gcc"
| #define URL_GPHOTO_HOME "http://www.gphoto.org/"
| #define URL_GPHOTO_PROJECT "https://github.com/gphoto"
| #define URL_DIGICAM_LIST "http://www.teaser.fr/~hfiguiere/linux/digicam.html"
| #define URL_JPHOTO_HOME "http://jphoto.sourceforge.net/"
| #define URL_USB_MASSSTORAGE "http://www.linux-usb.org/USB-guide/x498.html"
| #define MAIL_GPHOTO_DEVEL "<gphoto-devel@lists.sourceforge.net>"
| #define MAIL_GPHOTO_USER "<gphoto-user@lists.sourceforge.net>"
| #define MAIL_GPHOTO_TRANSLATION "<gphoto-translation@lists.sourceforge.net>"
| #define GETTEXT_PACKAGE "libgphoto2-6"
| #define ENABLE_NLS 1
| #define HAVE_GETTEXT 1
| #define HAVE_DCGETTEXT 1
| #define HAVE_ICONV 1
| #define ICONV_CONST 
| #define HAVE_ASM_SYMVERS 1
| #define HAVE_DIRENT_H 1
| #define STDC_HEADERS 1
| #define HAVE_SYS_PARAM_H 1
| #define HAVE_SYS_MMAN_H 1
| #define HAVE_SYS_SELECT_H 1
| #define HAVE_LOCALE_H 1
| #define HAVE_MEMORY_H 1
| #define HAVE_GETOPT_H 1
| #define HAVE_UNISTD_H 1
| #define HAVE_MCHECK_H 1
| #define HAVE_LIMITS_H 1
| #define HAVE_SYS_TIME_H 1
| #define HAVE_LANGINFO_H 1
| #define HAVE_GETENV 1
| #define HAVE_GETOPT 1
| #define HAVE_GETOPT_LONG 1
| #define HAVE_MKDIR 1
| #define HAVE_SETENV 1
| #define HAVE_STRDUP 1
| #define HAVE_STRNCPY 1
| #define HAVE_STRCPY 1
| #define HAVE_SNPRINTF 1
| #define HAVE_SPRINTF 1
| #define HAVE_VSNPRINTF 1
| #define HAVE_GMTIME_R 1
| #define HAVE_STATFS 1
| #define HAVE_LOCALTIME_R 1
| #define HAVE_LSTAT 1
| #define HAVE_INET_ATON 1
| #define HAVE_RAND_R 1
| #define HAVE_TM_GMTOFF 1
| #define HAVE_SYS_MOUNT_H 1
| #define HAVE_SYS_STATFS_H 1
| #define HAVE_SYS_USER_H 1
| #define HAVE_SYS_VFS_H 1
| #define HAVE_STRUCT_STATFS_F_BFREE 1
| #define HAVE_STRUCT_STATFS_F_BAVAIL 1
| /* end confdefs.h.  */
| #include <sys/types.h>
| 		#include <sys/param.h>
| 
| int
| main ()
| {
| #if BYTE_ORDER != BIG_ENDIAN
| 		 not big endian
| 		#endif
| 
|   ;
|   return 0;
| }
configure:21615: result: no
configure:21635: checking for le32toh in machine/endian.h
conftest.c:79:28: fatal error: machine/endian.h: No such file or directory
compilation terminated.
configure:21658: result: no
configure:21663: checking for ntohl in arpa/inet.h
configure:21676: result: yes
configure:21731: checking for swap32 in machine/endian.h
conftest.c:79:28: fatal error: machine/endian.h: No such file or directory
compilation terminated.
configure:21752: result: no
configure:21756: checking for bswap_32 in byteswap.h
configure:21769: result: yes
configure:22218: checking where to install camlibs
configure:22232: result: ${libdir}/libgphoto2/2.5.10
configure:22305: checking which camlibs to compile
configure:22319: result: all
configure:22435: checking main docdir
configure:22447: result: ${prefix}/share/doc (FHS style)
configure:22459: checking package docdir
configure:22470: result: ${prefix}/share/doc/libgphoto2 (default style)
configure:22478: checking for dot
configure:22509: result: false
configure:22519: checking for doxygen
configure:22550: result: false
configure:22608: checking whether to create internal code docs
configure:22610: result: no
configure:22719: checking for html dir
configure:22723: result: ${prefix}/share/doc/libgphoto2/html (default)
configure:22746: checking for rpmbuild or rpm
configure:22754: result: using autodetection
configure:22760: checking for rpmbuild
configure:22790: result: no
configure:22760: checking for rpm
configure:22790: result: no
configure:22799: checking for rpmbuild or rpm
configure:22801: result: false (autodetected)
configure:22845: checking for hotplug doc dir
configure:22854: result: ${prefix}/share/doc/libgphoto2/linux-hotplug (default)
configure:22869: checking for hotplug usermap dir
configure:22878: result: ${prefix}/share/doc/libgphoto2/linux-hotplug (default)
configure:22905: checking for libexif to use
configure:22923: result: autodetect
configure:22932: checking for LIBEXIF
configure:22939: $PKG_CONFIG --exists --print-errors "libexif >= 0.6.13"
configure:22942: $? = 0
configure:22956: $PKG_CONFIG --exists --print-errors "libexif >= 0.6.13"
configure:22959: $? = 0
configure:22997: result: yes
configure:23158: checking whether we use a version of libexif with ExifData.ifd[]
configure:23173: gcc -c -g -O2 -Wall -Wmissing-declarations -Wmissing-prototypes -I/usr/include/libexif  conftest.c >&5
configure:23173: $? = 0
configure:23178: result: yes
configure:23194: checking libexif/exif-data.h usability
configure:23194: gcc -c -g -O2 -Wall -Wmissing-declarations -Wmissing-prototypes -I/usr/include/libexif  conftest.c >&5
configure:23194: $? = 0
configure:23194: result: yes
configure:23194: checking libexif/exif-data.h presence
configure:23194: gcc -E -I/usr/include/libexif  conftest.c
configure:23194: $? = 0
configure:23194: result: yes
configure:23194: checking for libexif/exif-data.h
configure:23194: result: yes
configure:23205: checking for function exif_data_new in libexif
configure:23227: gcc -o conftest -g -O2 -Wall -Wmissing-declarations -Wmissing-prototypes   conftest.c -lexif  >&5
configure:23227: $? = 0
configure:23235: result: yes
configure:23259: checking libexif library flags
configure:23261: result: "-lexif "
configure:23263: checking libexif cpp flags
configure:23265: result: "-I/usr/include/libexif "
configure:23418: checking that generated files are newer than configure
configure:23424: result: done
configure:23504: creating ./config.status

## ---------------------- ##
## Running config.status. ##
## ---------------------- ##

This file was extended by libgphoto2 photo camera library config.status 2.5.10, which was
generated by GNU Autoconf 2.69.  Invocation command line was

  CONFIG_FILES    = 
  CONFIG_HEADERS  = 
  CONFIG_LINKS    = 
  CONFIG_COMMANDS = 
  $ ./config.status 

on ubuntu

config.status:1356: creating README
config.status:1356: creating Makefile
config.status:1356: creating gphoto2-config
config.status:1356: creating camlibs/Makefile
config.status:1356: creating camlibs/canon/doc/Makefile
config.status:1356: creating camlibs/konica/localization/Makefile
config.status:1356: creating gphoto-m4/Makefile
config.status:1356: creating libgphoto2/Makefile
config.status:1356: creating libgphoto2.pc
config.status:1356: creating libgphoto2-uninstalled.pc
config.status:1356: creating examples/Makefile
config.status:1356: creating tests/Makefile
config.status:1356: creating tests/ddb/Makefile
config.status:1356: creating tests/ddb/check-ddb.sh
config.status:1356: creating packaging/Makefile
config.status:1356: creating packaging/linux-hotplug/Makefile
config.status:1356: creating packaging/generic/Makefile
config.status:1356: creating packaging/rpm/Makefile
config.status:1356: creating packaging/rpm/package.spec
config.status:1356: creating po/Makefile.in
config.status:1464: WARNING:  'po/Makefile.in.in' seems to ignore the --datarootdir setting
config.status:1356: creating doc/Makefile
config.status:1356: creating doc/Doxyfile
config.status:1356: creating doc/Doxyfile-internals
config.status:1356: creating doc/api/Makefile
config.status:1356: creating config.h
config.status:1537: config.h is unchanged
config.status:1585: executing depfiles commands
config.status:1585: executing libtool commands
config.status:1585: executing default-1 commands
config.status:1585: executing default-2 commands
configure:26407: === configuring in libgphoto2_port (/home/mcobias/Desktop/libgphoto2-2.5.10/libgphoto2_port)
configure:26470: running /bin/bash ./configure --disable-option-checking '--prefix=/usr/local'  --cache-file=/dev/null --srcdir=.

## ---------------- ##
## Cache variables. ##
## ---------------- ##

ac_cv_build=x86_64-unknown-linux-gnu
ac_cv_c_bigendian=no
ac_cv_c_compiler_gnu=yes
ac_cv_c_const=yes
ac_cv_c_inline=inline
ac_cv_cxx_compiler_gnu=yes
ac_cv_env_CCC_set=
ac_cv_env_CCC_value=
ac_cv_env_CC_set=
ac_cv_env_CC_value=
ac_cv_env_CFLAGS_set=
ac_cv_env_CFLAGS_value=
ac_cv_env_CPPFLAGS_set=
ac_cv_env_CPPFLAGS_value=
ac_cv_env_CPP_set=
ac_cv_env_CPP_value=
ac_cv_env_CXXCPP_set=
ac_cv_env_CXXCPP_value=
ac_cv_env_CXXFLAGS_set=
ac_cv_env_CXXFLAGS_value=
ac_cv_env_CXX_set=
ac_cv_env_CXX_value=
ac_cv_env_LDFLAGS_set=
ac_cv_env_LDFLAGS_value=
ac_cv_env_LIBEXIF_CFLAGS_set=
ac_cv_env_LIBEXIF_CFLAGS_value=
ac_cv_env_LIBEXIF_LIBS_set=
ac_cv_env_LIBEXIF_LIBS_value=
ac_cv_env_LIBGD_CFLAGS_set=
ac_cv_env_LIBGD_CFLAGS_value=
ac_cv_env_LIBGD_LIBS_set=
ac_cv_env_LIBGD_LIBS_value=
ac_cv_env_LIBLTDL_set=
ac_cv_env_LIBLTDL_value=
ac_cv_env_LIBS_set=
ac_cv_env_LIBS_value=
ac_cv_env_LIBXML2_CFLAGS_set=
ac_cv_env_LIBXML2_CFLAGS_value=
ac_cv_env_LIBXML2_LIBS_set=
ac_cv_env_LIBXML2_LIBS_value=
ac_cv_env_LTDLINCL_set=
ac_cv_env_LTDLINCL_value=
ac_cv_env_LT_SYS_LIBRARY_PATH_set=
ac_cv_env_LT_SYS_LIBRARY_PATH_value=
ac_cv_env_PKG_CONFIG_LIBDIR_set=
ac_cv_env_PKG_CONFIG_LIBDIR_value=
ac_cv_env_PKG_CONFIG_PATH_set=
ac_cv_env_PKG_CONFIG_PATH_value=
ac_cv_env_PKG_CONFIG_set=
ac_cv_env_PKG_CONFIG_value=
ac_cv_env_build_alias_set=
ac_cv_env_build_alias_value=
ac_cv_env_host_alias_set=
ac_cv_env_host_alias_value=
ac_cv_env_target_alias_set=
ac_cv_env_target_alias_value=
ac_cv_env_udevscriptdir_set=
ac_cv_env_udevscriptdir_value=
ac_cv_env_utilsdir_set=
ac_cv_env_utilsdir_value=
ac_cv_func_dlopen=no
ac_cv_func_getenv=yes
ac_cv_func_getopt=yes
ac_cv_func_getopt_long=yes
ac_cv_func_gmtime_r=yes
ac_cv_func_inet_aton=yes
ac_cv_func_localtime_r=yes
ac_cv_func_lstat=yes
ac_cv_func_mkdir=yes
ac_cv_func_rand_r=yes
ac_cv_func_setenv=yes
ac_cv_func_shl_load=no
ac_cv_func_snprintf=yes
ac_cv_func_sprintf=yes
ac_cv_func_statfs=yes
ac_cv_func_strcpy=yes
ac_cv_func_strdup=yes
ac_cv_func_strncpy=yes
ac_cv_func_vsnprintf=yes
ac_cv_header_dirent_dirent_h=yes
ac_cv_header_dlfcn_h=yes
ac_cv_header_getopt_h=yes
ac_cv_header_inttypes_h=yes
ac_cv_header_langinfo_h=yes
ac_cv_header_libexif_exif_data_h=yes
ac_cv_header_limits_h=yes
ac_cv_header_locale_h=yes
ac_cv_header_ltdl_h=yes
ac_cv_header_mcheck_h=yes
ac_cv_header_memory_h=yes
ac_cv_header_stdarg_h=yes
ac_cv_header_stdc=yes
ac_cv_header_stdint_h=yes
ac_cv_header_stdlib_h=yes
ac_cv_header_string_h=yes
ac_cv_header_strings_h=yes
ac_cv_header_sys_mman_h=yes
ac_cv_header_sys_mount_h=yes
ac_cv_header_sys_param_h=yes
ac_cv_header_sys_select_h=yes
ac_cv_header_sys_stat_h=yes
ac_cv_header_sys_statfs_h=yes
ac_cv_header_sys_time_h=yes
ac_cv_header_sys_types_h=yes
ac_cv_header_sys_user_h=yes
ac_cv_header_sys_vfs_h=yes
ac_cv_header_unistd_h=yes
ac_cv_host=x86_64-unknown-linux-gnu
ac_cv_lib_dl_dlopen=yes
ac_cv_lib_dld_shl_load=no
ac_cv_lib_ibs_main=no
ac_cv_lib_jpeg_jpeg_start_decompress=no
ac_cv_lib_ltdl_lt_dlinit=yes
ac_cv_member_struct_statfs_f_bavail=yes
ac_cv_member_struct_statfs_f_bfree=yes
ac_cv_member_struct_statfs_f_favail=no
ac_cv_member_struct_statvfs_f_blocks=no
ac_cv_objext=o
ac_cv_path_DOT=false
ac_cv_path_DOXYGEN=false
ac_cv_path_EGREP='/bin/grep -E'
ac_cv_path_FGREP='/bin/grep -F'
ac_cv_path_GMSGFMT=/usr/bin/msgfmt
ac_cv_path_GREP=/bin/grep
ac_cv_path_MSGFMT=/usr/bin/msgfmt
ac_cv_path_MSGMERGE=/usr/bin/msgmerge
ac_cv_path_PKG_CONFIG=/usr/bin/pkg-config
ac_cv_path_SED=sed
ac_cv_path_XGETTEXT=/usr/bin/xgettext
ac_cv_path_install='/usr/bin/install -c'
ac_cv_path_lt_DD=/bin/dd
ac_cv_path_mkdir=/bin/mkdir
ac_cv_prog_AWK=mawk
ac_cv_prog_CPP='gcc -E'
ac_cv_prog_CXXCPP='g++ -E'
ac_cv_prog_ac_ct_AR=ar
ac_cv_prog_ac_ct_CC=gcc
ac_cv_prog_ac_ct_CXX=g++
ac_cv_prog_ac_ct_DLLTOOL=dlltool
ac_cv_prog_ac_ct_MANIFEST_TOOL=mt
ac_cv_prog_ac_ct_OBJDUMP=objdump
ac_cv_prog_ac_ct_RANLIB=ranlib
ac_cv_prog_ac_ct_STRIP=strip
ac_cv_prog_cc_c89=
ac_cv_prog_cc_g=yes
ac_cv_prog_cxx_g=yes
ac_cv_prog_make_make_set=yes
ac_cv_search_opendir='none required'
ac_cv_struct_tm=time.h
ac_cv_sys_file_offset_bits=no
ac_cv_sys_largefile_CC=no
ac_cv_type_size_t=yes
ac_cv_type_uint8_t=yes
acl_cv_hardcode_direct=no
acl_cv_hardcode_libdir_flag_spec='${wl}-rpath ${wl}$libdir'
acl_cv_hardcode_libdir_separator=
acl_cv_hardcode_minus_L=no
acl_cv_libext=a
acl_cv_path_LD='/usr/bin/ld -m elf_x86_64'
acl_cv_prog_gnu_ld=yes
acl_cv_rpath=done
acl_cv_shlibext=so
acl_cv_wl=-Wl,
am_cv_CC_dependencies_compiler_type=gcc3
am_cv_CXX_dependencies_compiler_type=gcc3
am_cv_ar_interface=ar
am_cv_func_iconv=yes
am_cv_lib_iconv=no
am_cv_make_support_nested_variables=yes
am_cv_prog_cc_c_o=yes
am_cv_proto_iconv='extern size_t iconv (iconv_t cd, char * *inbuf, size_t *inbytesleft, char * *outbuf, size_t *outbytesleft);'
am_cv_proto_iconv_arg1=
gt_cv_func_gnugettext1_libc=yes
lt_cv_ar_at_file=@
lt_cv_archive_cmds_need_lc=no
lt_cv_deplibs_check_method=pass_all
lt_cv_dlopen=dlopen
lt_cv_dlopen_libs=-ldl
lt_cv_dlopen_self=yes
lt_cv_dlopen_self_static=no
lt_cv_file_magic_cmd='$MAGIC_CMD'
lt_cv_file_magic_test_file=
lt_cv_ld_reload_flag=-r
lt_cv_nm_interface='BSD nm'
lt_cv_objdir=.libs
lt_cv_path_LD=/usr/bin/ld
lt_cv_path_LDCXX='/usr/bin/ld -m elf_x86_64'
lt_cv_path_NM='/usr/bin/nm -B'
lt_cv_path_mainfest_tool=no
lt_cv_prog_compiler_c_o=yes
lt_cv_prog_compiler_c_o_CXX=yes
lt_cv_prog_compiler_pic='-fPIC -DPIC'
lt_cv_prog_compiler_pic_CXX='-fPIC -DPIC'
lt_cv_prog_compiler_pic_works=yes
lt_cv_prog_compiler_pic_works_CXX=yes
lt_cv_prog_compiler_rtti_exceptions=no
lt_cv_prog_compiler_static_works=yes
lt_cv_prog_compiler_static_works_CXX=yes
lt_cv_prog_gnu_ld=yes
lt_cv_prog_gnu_ldcxx=yes
lt_cv_sharedlib_from_linklib_cmd='printf %s\n'
lt_cv_shlibpath_overrides_runpath=no
lt_cv_sys_global_symbol_pipe='sed -n -e '\''s/^.*[	 ]\([ABCDGIRSTW][ABCDGIRSTW]*\)[	 ][	 ]*\([_A-Za-z][_A-Za-z0-9]*\)$/\1 \2 \2/p'\'' | sed '\''/ __gnu_lto/d'\'''
lt_cv_sys_global_symbol_to_c_name_address='sed -n -e '\''s/^: \(.*\) .*$/  {"\1", (void *) 0},/p'\'' -e '\''s/^[ABCDGIRSTW][ABCDGIRSTW]* .* \(.*\)$/  {"\1", (void *) \&\1},/p'\'''
lt_cv_sys_global_symbol_to_c_name_address_lib_prefix='sed -n -e '\''s/^: \(.*\) .*$/  {"\1", (void *) 0},/p'\'' -e '\''s/^[ABCDGIRSTW][ABCDGIRSTW]* .* \(lib.*\)$/  {"\1", (void *) \&\1},/p'\'' -e '\''s/^[ABCDGIRSTW][ABCDGIRSTW]* .* \(.*\)$/  {"lib\1", (void *) \&\1},/p'\'''
lt_cv_sys_global_symbol_to_cdecl='sed -n -e '\''s/^T .* \(.*\)$/extern int \1();/p'\'' -e '\''s/^[ABCDGIRSTW][ABCDGIRSTW]* .* \(.*\)$/extern char \1;/p'\'''
lt_cv_sys_global_symbol_to_import=
lt_cv_sys_max_cmd_len=1572864
lt_cv_to_host_file_cmd=func_convert_file_noop
lt_cv_to_tool_file_cmd=func_convert_file_noop
lt_cv_truncate_bin='/bin/dd bs=4096 count=1'
pkg_cv_LIBEXIF_CFLAGS='-I/usr/include/libexif '
pkg_cv_LIBEXIF_LIBS='-lexif '

## ----------------- ##
## Output variables. ##
## ----------------- ##

ACLOCAL='${SHELL} /home/mcobias/Desktop/libgphoto2-2.5.10/auto-aux/missing aclocal-1.15'
ALL_DEFAULT_CAMLIBS='adc65 agfa_cl20 aox ax203 barbie canon casio_qv clicksmart310 digigr8 digita dimera3500 directory enigma13 fuji gsmart300 hp215 iclick jamcam jd11 jl2005a jl2005c kodak_dc120 kodak_dc210 kodak_dc240 kodak_dc3200 kodak_ez200 konica konica_qm150 largan lg_gsm mars dimagev mustek panasonic_coolshot panasonic_l859 panasonic_dc1000 panasonic_dc1580 pccam300 pccam600 pentax polaroid_pdc320 polaroid_pdc640 polaroid_pdc700 ptp2 ricoh ricoh_g3 samsung sierra sipix_blink2 sipix_web2 smal sonix sony_dscf1 sony_dscf55 soundvision spca50x sq905 st2205 stv0674 stv0680 sx330z topfield toshiba_pdrm11 tp6801'
ALL_DEFINED_CAMLIBS='adc65 agfa_cl20 aox ax203 barbie canon casio_qv clicksmart310 digigr8 digita dimera3500 directory enigma13 fuji gsmart300 hp215 iclick jamcam jd11 jl2005a jl2005c kodak_dc120 kodak_dc210 kodak_dc240 kodak_dc3200 kodak_ez200 konica konica_qm150 largan lg_gsm mars dimagev mustek panasonic_coolshot panasonic_l859 panasonic_dc1000 panasonic_dc1580 pccam300 pccam600 pentax polaroid_pdc320 polaroid_pdc640 polaroid_pdc700 ptp2 ricoh ricoh_g3 samsung sierra sipix_blink2 sipix_web2 smal sonix sony_dscf1 sony_dscf55 soundvision spca50x sq905 st2205 stv0674 stv0680 sx330z topfield toshiba_pdrm11 tp6801 sipix_blink template'
AMDEPBACKSLASH='\'
AMDEP_FALSE='#'
AMDEP_TRUE=''
AMTAR='$${TAR-tar}'
AM_BACKSLASH='\'
AM_CFLAGS=''
AM_CPPFLAGS=' -D_GPHOTO2_INTERNAL_CODE -DLOCALEDIR=\"$(datadir)/locale\" -DCAMLIBS=\"$(camlibdir)\"'
AM_CXXFLAGS=''
AM_DEFAULT_V='$(AM_DEFAULT_VERBOSITY)'
AM_DEFAULT_VERBOSITY='1'
AM_LDFLAGS=''
AM_V='$(V)'
AR='ar'
AS='as'
AUTOCONF='${SHELL} /home/mcobias/Desktop/libgphoto2-2.5.10/auto-aux/missing autoconf'
AUTOHEADER='${SHELL} /home/mcobias/Desktop/libgphoto2-2.5.10/auto-aux/missing autoheader'
AUTOMAKE='${SHELL} /home/mcobias/Desktop/libgphoto2-2.5.10/auto-aux/missing automake-1.15'
AWK='mawk'
BISON=''
BUILD_THESE_CAMLIBS=' adc65.la agfa_cl20.la aox.la ax203.la barbie.la canon.la casio_qv.la clicksmart310.la digigr8.la digita.la dimera3500.la directory.la enigma13.la fuji.la gsmart300.la hp215.la iclick.la jamcam.la jd11.la jl2005a.la jl2005c.la kodak_dc120.la kodak_dc210.la kodak_dc240.la kodak_dc3200.la kodak_ez200.la konica.la konica_qm150.la largan.la lg_gsm.la mars.la dimagev.la mustek.la panasonic_coolshot.la panasonic_l859.la panasonic_dc1000.la panasonic_dc1580.la pccam300.la pccam600.la pentax.la polaroid_pdc320.la polaroid_pdc640.la polaroid_pdc700.la ptp2.la ricoh.la ricoh_g3.la samsung.la sierra.la sipix_blink2.la sipix_web2.la smal.la sonix.la sony_dscf1.la sony_dscf55.la soundvision.la spca50x.la sq905.la st2205.la stv0674.la stv0680.la sx330z.la topfield.la toshiba_pdrm11.la tp6801.la'
CC='gcc'
CCDEPMODE='depmode=gcc3'
CFLAGS='-g -O2 -Wall -Wmissing-declarations -Wmissing-prototypes'
CPP='gcc -E'
CPPFLAGS=''
CXX='g++'
CXXCPP='g++ -E'
CXXDEPMODE='depmode=gcc3'
CXXFLAGS='-g -O2'
CYGPATH_W='echo'
DEFS='-DHAVE_CONFIG_H'
DEPDIR='.deps'
DLLTOOL='dlltool'
DOT='false'
DOXYGEN='false'
DOXYGEN_OUTPUT_DIR='doxygen-output'
DSYMUTIL=''
DUMPBIN=''
ECHO_C=''
ECHO_N='-n'
ECHO_T=''
EGREP='/bin/grep -E'
ENABLED_GP2DDB_FALSE=''
ENABLED_GP2DDB_TRUE='#'
ENABLE_GTK_DOC_FALSE=''
ENABLE_GTK_DOC_TRUE='#'
ENABLE_INTERNAL_DOCS_FALSE=''
ENABLE_INTERNAL_DOCS_TRUE='#'
ENABLE_RPM_FALSE=''
ENABLE_RPM_TRUE='#'
EXEEXT=''
FGREP='/bin/grep -F'
FLEX=''
GETTEXT_PACKAGE='libgphoto2-6'
GMSGFMT='/usr/bin/msgfmt'
GREP='/bin/grep'
GTKDOC=''
HAVE_CXX_FALSE='#'
HAVE_CXX_TRUE=''
HAVE_DOT='NO'
HAVE_DOT_FALSE=''
HAVE_DOT_TRUE='#'
HAVE_DOXYGEN_FALSE=''
HAVE_DOXYGEN_TRUE='#'
HAVE_GCC_FALSE='#'
HAVE_GCC_TRUE=''
HAVE_LIBEXIF_FALSE='#'
HAVE_LIBEXIF_TRUE=''
HAVE_LIBGD_FALSE=''
HAVE_LIBGD_TRUE='#'
HAVE_LIBXML2_FALSE=''
HAVE_LIBXML2_TRUE='#'
HAVE_LINUX_FALSE='#'
HAVE_LINUX_TRUE=''
HAVE_UDEV_FALSE='#'
HAVE_UDEV_TRUE=''
HTML_APIDOC_DIR='libgphoto2-api.html'
HTML_APIDOC_INTERNALS_DIR='libgphoto2-internals.html'
INSTALL_DATA='${INSTALL} -m 644'
INSTALL_PROGRAM='${INSTALL}'
INSTALL_SCRIPT='${INSTALL}'
INSTALL_STRIP_PROGRAM='$(install_sh) -c -s'
INTLLIBS=''
LD='/usr/bin/ld -m elf_x86_64'
LDFLAGS=''
LIBEXIF_CFLAGS='-I/usr/include/libexif '
LIBEXIF_CONFIG_PROG=''
LIBEXIF_LIBS='-lexif '
LIBGD_CFLAGS=''
LIBGD_CONFIG_PROG=''
LIBGD_LIBS=''
LIBGPHOTO2_AGE='0'
LIBGPHOTO2_CURRENT='6'
LIBGPHOTO2_CURRENT_MIN='6'
LIBGPHOTO2_REVISION='0'
LIBGPHOTO2_VERSION_INFO='6:0:0'
LIBICONV=''
LIBINTL=''
LIBJPEG=''
LIBLTDL='-lltdl'
LIBOBJS=''
LIBS=''
LIBTOOL='$(SHELL) $(top_builddir)/libtool'
LIBXML2_CFLAGS=''
LIBXML2_CONFIG_PROG=''
LIBXML2_LIBS=''
LIPO=''
LN_S='ln -s'
LTDLINCL=''
LTLIBICONV=''
LTLIBINTL=''
LTLIBOBJS=''
LT_SYS_LIBRARY_PATH=''
MAIL_GPHOTO_DEVEL='<gphoto-devel@lists.sourceforge.net>'
MAIL_GPHOTO_TRANSLATION='<gphoto-translation@lists.sourceforge.net>'
MAIL_GPHOTO_USER='<gphoto-user@lists.sourceforge.net>'
MAKEINFO='${SHELL} /home/mcobias/Desktop/libgphoto2-2.5.10/auto-aux/missing makeinfo'
MANIFEST_TOOL=':'
MKDIR_P='/bin/mkdir -p'
MKINSTALLDIRS='$(top_builddir)/auto-aux/mkinstalldirs'
MSGFMT='/usr/bin/msgfmt'
MSGMERGE='/usr/bin/msgmerge'
NM='/usr/bin/nm -B'
NMEDIT=''
NO_UNUSED_CFLAGS='-Wno-unused'
OBJDUMP='objdump'
OBJEXT='o'
OTOOL64=''
OTOOL=''
PACKAGE='libgphoto2'
PACKAGE_BUGREPORT='gphoto-devel@lists.sourceforge.net'
PACKAGE_NAME='libgphoto2 photo camera library'
PACKAGE_STRING='libgphoto2 photo camera library 2.5.10'
PACKAGE_TARNAME='libgphoto2'
PACKAGE_URL=''
PACKAGE_VERSION='2.5.10'
PATH_SEPARATOR=':'
PKG_CONFIG='/usr/bin/pkg-config'
PKG_CONFIG_LIBDIR=''
PKG_CONFIG_PATH=''
POSUB='po'
RANLIB='ranlib'
REQUIREMENTS_FOR_LIBEXIF='libexif >= 0.6.13'
REQUIREMENTS_FOR_LIBGD=''
REQUIREMENTS_FOR_LIBXML2=''
RPMBUILD='false'
SED='sed'
SET_MAKE=''
SHELL='/bin/bash'
STRIP='strip'
URL_DIGICAM_LIST='http://www.teaser.fr/~hfiguiere/linux/digicam.html'
URL_GPHOTO_HOME='http://www.gphoto.org/'
URL_GPHOTO_PROJECT='https://github.com/gphoto'
URL_JPHOTO_HOME='http://jphoto.sourceforge.net/'
URL_USB_MASSSTORAGE='http://www.linux-usb.org/USB-guide/x498.html'
USE_NLS='yes'
VERSION='2.5.10'
VERSIONMAPLDFLAGS='-Wl,--version-script=$(srcdir)/libgphoto2.ver'
XGETTEXT='/usr/bin/xgettext'
ac_ct_AR='ar'
ac_ct_CC='gcc'
ac_ct_CXX='g++'
ac_ct_DUMPBIN=''
am__EXEEXT_FALSE=''
am__EXEEXT_TRUE='#'
am__fastdepCC_FALSE='#'
am__fastdepCC_TRUE=''
am__fastdepCXX_FALSE='#'
am__fastdepCXX_TRUE=''
am__include='include'
am__isrc=''
am__leading_dot='.'
am__nodep='_no'
am__quote=''
am__tar='$${TAR-tar} chof - "$$tardir"'
am__untar='$${TAR-tar} xf -'
apidocdir='${prefix}/share/doc/libgphoto2/html/api'
bindir='${exec_prefix}/bin'
build='x86_64-unknown-linux-gnu'
build_alias=''
build_cpu='x86_64'
build_os='linux-gnu'
build_vendor='unknown'
camlibdir='${libdir}/libgphoto2/2.5.10'
camlibdocdir='${docdir}/camlibs'
datadir='${datarootdir}'
datarootdir='${prefix}/share'
docdir='${prefix}/share/doc/libgphoto2'
dvidir='${docdir}'
effective_target='x86_64-unknown-linux-gnu'
exec_prefix='${prefix}'
host='x86_64-unknown-linux-gnu'
host_alias=''
host_cpu='x86_64'
host_os='linux-gnu'
host_vendor='unknown'
hotplugdocdir='${prefix}/share/doc/libgphoto2/linux-hotplug'
hotplugusermapdir='${prefix}/share/doc/libgphoto2/linux-hotplug'
htmldir='${prefix}/share/doc/libgphoto2/html'
includedir='${prefix}/include'
infodir='${datarootdir}/info'
install_sh='${SHELL} /home/mcobias/Desktop/libgphoto2-2.5.10/auto-aux/install-sh'
libdir='${exec_prefix}/lib'
libexecdir='${exec_prefix}/libexec'
localedir='$(datadir)/locale'
localstatedir='${prefix}/var'
mandir='${datarootdir}/man'
mkdir_p='$(MKDIR_P)'
oldincludedir='/usr/include'
pdfdir='${docdir}'
pkgconfigdir='${libdir}/pkgconfig'
prefix='/usr/local'
program_transform_name='s,x,x,'
psdir='${docdir}'
sbindir='${exec_prefix}/sbin'
sharedstatedir='${prefix}/com'
subdirs=' libgphoto2_port'
sysconfdir='${prefix}/etc'
target_alias=''
udevscriptdir='${libdir}/udev'
utilsdir='${libdir}/${PACKAGE_TARNAME}'

## ----------- ##
## confdefs.h. ##
## ----------- ##

/* confdefs.h */
#define PACKAGE_NAME "libgphoto2 photo camera library"
#define PACKAGE_TARNAME "libgphoto2"
#define PACKAGE_VERSION "2.5.10"
#define PACKAGE_STRING "libgphoto2 photo camera library 2.5.10"
#define PACKAGE_BUGREPORT "gphoto-devel@lists.sourceforge.net"
#define PACKAGE_URL ""
#define PACKAGE "libgphoto2"
#define VERSION "2.5.10"
#define STDC_HEADERS 1
#define HAVE_SYS_TYPES_H 1
#define HAVE_SYS_STAT_H 1
#define HAVE_STDLIB_H 1
#define HAVE_STRING_H 1
#define HAVE_MEMORY_H 1
#define HAVE_STRINGS_H 1
#define HAVE_INTTYPES_H 1
#define HAVE_STDINT_H 1
#define HAVE_UNISTD_H 1
#define HAVE_VA_COPY 1
#define HAVE_DLFCN_H 1
#define LT_OBJDIR ".libs/"
#define HAVE_LTDL 1
#define HAVE_CC "gcc"
#define URL_GPHOTO_HOME "http://www.gphoto.org/"
#define URL_GPHOTO_PROJECT "https://github.com/gphoto"
#define URL_DIGICAM_LIST "http://www.teaser.fr/~hfiguiere/linux/digicam.html"
#define URL_JPHOTO_HOME "http://jphoto.sourceforge.net/"
#define URL_USB_MASSSTORAGE "http://www.linux-usb.org/USB-guide/x498.html"
#define MAIL_GPHOTO_DEVEL "<gphoto-devel@lists.sourceforge.net>"
#define MAIL_GPHOTO_USER "<gphoto-user@lists.sourceforge.net>"
#define MAIL_GPHOTO_TRANSLATION "<gphoto-translation@lists.sourceforge.net>"
#define GETTEXT_PACKAGE "libgphoto2-6"
#define ENABLE_NLS 1
#define HAVE_GETTEXT 1
#define HAVE_DCGETTEXT 1
#define HAVE_ICONV 1
#define ICONV_CONST 
#define HAVE_ASM_SYMVERS 1
#define HAVE_DIRENT_H 1
#define STDC_HEADERS 1
#define HAVE_SYS_PARAM_H 1
#define HAVE_SYS_MMAN_H 1
#define HAVE_SYS_SELECT_H 1
#define HAVE_LOCALE_H 1
#define HAVE_MEMORY_H 1
#define HAVE_GETOPT_H 1
#define HAVE_UNISTD_H 1
#define HAVE_MCHECK_H 1
#define HAVE_LIMITS_H 1
#define HAVE_SYS_TIME_H 1
#define HAVE_LANGINFO_H 1
#define HAVE_GETENV 1
#define HAVE_GETOPT 1
#define HAVE_GETOPT_LONG 1
#define HAVE_MKDIR 1
#define HAVE_SETENV 1
#define HAVE_STRDUP 1
#define HAVE_STRNCPY 1
#define HAVE_STRCPY 1
#define HAVE_SNPRINTF 1
#define HAVE_SPRINTF 1
#define HAVE_VSNPRINTF 1
#define HAVE_GMTIME_R 1
#define HAVE_STATFS 1
#define HAVE_LOCALTIME_R 1
#define HAVE_LSTAT 1
#define HAVE_INET_ATON 1
#define HAVE_RAND_R 1
#define HAVE_TM_GMTOFF 1
#define HAVE_SYS_MOUNT_H 1
#define HAVE_SYS_STATFS_H 1
#define HAVE_SYS_USER_H 1
#define HAVE_SYS_VFS_H 1
#define HAVE_STRUCT_STATFS_F_BFREE 1
#define HAVE_STRUCT_STATFS_F_BAVAIL 1
#define HAVE_LIBEXIF_IFD 1
#define HAVE_LIBEXIF 1

configure: exit 0
